{"/Users/ksc/Code/lambda_school/SoMe/social-media-strategy-be/index.js": {"path":"/Users/ksc/Code/lambda_school/SoMe/social-media-strategy-be/index.js","statementMap":{"0":{"start":{"line":1,"column":0},"end":{"line":1,"column":27}},"1":{"start":{"line":2,"column":14},"end":{"line":2,"column":30}},"2":{"start":{"line":3,"column":11},"end":{"line":3,"column":24}},"3":{"start":{"line":4,"column":15},"end":{"line":4,"column":38}},"4":{"start":{"line":6,"column":13},"end":{"line":6,"column":37}},"5":{"start":{"line":7,"column":0},"end":{"line":25,"column":1}},"6":{"start":{"line":8,"column":2},"end":{"line":20,"column":7}},"7":{"start":{"line":17,"column":6},"end":{"line":19,"column":8}},"8":{"start":{"line":22,"column":2},"end":{"line":24,"column":5}},"9":{"start":{"line":23,"column":4},"end":{"line":23,"column":40}}},"fnMap":{"0":{"name":"(anonymous_0)","decl":{"start":{"line":16,"column":18},"end":{"line":16,"column":19}},"loc":{"start":{"line":16,"column":24},"end":{"line":20,"column":5}},"line":16},"1":{"name":"(anonymous_1)","decl":{"start":{"line":22,"column":22},"end":{"line":22,"column":23}},"loc":{"start":{"line":22,"column":28},"end":{"line":24,"column":3}},"line":22}},"branchMap":{"0":{"loc":{"start":{"line":6,"column":13},"end":{"line":6,"column":37}},"type":"binary-expr","locations":[{"start":{"line":6,"column":13},"end":{"line":6,"column":29}},{"start":{"line":6,"column":33},"end":{"line":6,"column":37}}],"line":6},"1":{"loc":{"start":{"line":7,"column":0},"end":{"line":25,"column":1}},"type":"if","locations":[{"start":{"line":7,"column":0},"end":{"line":25,"column":1}},{"start":{"line":7,"column":0},"end":{"line":25,"column":1}}],"line":7},"2":{"loc":{"start":{"line":18,"column":32},"end":{"line":18,"column":70}},"type":"binary-expr","locations":[{"start":{"line":18,"column":32},"end":{"line":18,"column":55}},{"start":{"line":18,"column":59},"end":{"line":18,"column":70}}],"line":18}},"s":{"0":0,"1":0,"2":0,"3":0,"4":0,"5":0,"6":0,"7":0,"8":0,"9":0},"f":{"0":0,"1":0},"b":{"0":[0,0],"1":[0,0],"2":[0,0]}}
,"/Users/ksc/Code/lambda_school/SoMe/social-media-strategy-be/knexfile.js": {"path":"/Users/ksc/Code/lambda_school/SoMe/social-media-strategy-be/knexfile.js","statementMap":{"0":{"start":{"line":2,"column":0},"end":{"line":2,"column":27}},"1":{"start":{"line":4,"column":0},"end":{"line":62,"column":2}}},"fnMap":{},"branchMap":{},"s":{"0":3,"1":3},"f":{},"b":{},"_coverageSchema":"1a1c01bbd47fc00a2c39e90264f33305004495a9","hash":"f97c2b268faa09083b437e23e55359c2631e2dec"}
,"/Users/ksc/Code/lambda_school/SoMe/social-media-strategy-be/api/server.js": {"path":"/Users/ksc/Code/lambda_school/SoMe/social-media-strategy-be/api/server.js","statementMap":{"0":{"start":{"line":1,"column":16},"end":{"line":1,"column":34}},"1":{"start":{"line":2,"column":15},"end":{"line":2,"column":24}},"2":{"start":{"line":3,"column":15},"end":{"line":3,"column":32}},"3":{"start":{"line":4,"column":15},"end":{"line":4,"column":32}},"4":{"start":{"line":5,"column":13},"end":{"line":5,"column":28}},"5":{"start":{"line":7,"column":18},"end":{"line":7,"column":48}},"6":{"start":{"line":9,"column":19},"end":{"line":12,"column":1}},"7":{"start":{"line":14,"column":0},"end":{"line":14,"column":29}},"8":{"start":{"line":16,"column":0},"end":{"line":16,"column":27}},"9":{"start":{"line":17,"column":0},"end":{"line":17,"column":31}},"10":{"start":{"line":18,"column":0},"end":{"line":18,"column":21}},"11":{"start":{"line":20,"column":0},"end":{"line":22,"column":3}},"12":{"start":{"line":21,"column":2},"end":{"line":21,"column":55}},"13":{"start":{"line":24,"column":0},"end":{"line":24,"column":30}},"14":{"start":{"line":25,"column":0},"end":{"line":25,"column":25}},"15":{"start":{"line":27,"column":0},"end":{"line":27,"column":24}},"16":{"start":{"line":30,"column":2},"end":{"line":30,"column":66}}},"fnMap":{"0":{"name":"(anonymous_0)","decl":{"start":{"line":20,"column":16},"end":{"line":20,"column":17}},"loc":{"start":{"line":20,"column":30},"end":{"line":22,"column":1}},"line":20},"1":{"name":"errorHandler","decl":{"start":{"line":29,"column":9},"end":{"line":29,"column":21}},"loc":{"start":{"line":29,"column":43},"end":{"line":31,"column":1}},"line":29}},"branchMap":{"0":{"loc":{"start":{"line":30,"column":13},"end":{"line":30,"column":28}},"type":"binary-expr","locations":[{"start":{"line":30,"column":13},"end":{"line":30,"column":21}},{"start":{"line":30,"column":25},"end":{"line":30,"column":28}}],"line":30},"1":{"loc":{"start":{"line":30,"column":35},"end":{"line":30,"column":64}},"type":"binary-expr","locations":[{"start":{"line":30,"column":35},"end":{"line":30,"column":46}},{"start":{"line":30,"column":50},"end":{"line":30,"column":64}}],"line":30}},"s":{"0":3,"1":3,"2":3,"3":3,"4":3,"5":3,"6":3,"7":3,"8":3,"9":3,"10":3,"11":3,"12":0,"13":3,"14":3,"15":3,"16":14},"f":{"0":0,"1":14},"b":{"0":[14,14],"1":[14,14]},"_coverageSchema":"1a1c01bbd47fc00a2c39e90264f33305004495a9","hash":"960ca03d9bf6cb9c75e77ebe442fbb075fc3b8eb"}
,"/Users/ksc/Code/lambda_school/SoMe/social-media-strategy-be/api/middleware/verifyJWT.js": {"path":"/Users/ksc/Code/lambda_school/SoMe/social-media-strategy-be/api/middleware/verifyJWT.js","statementMap":{"0":{"start":{"line":1,"column":24},"end":{"line":1,"column":53}},"1":{"start":{"line":3,"column":24},"end":{"line":5,"column":2}},"2":{"start":{"line":7,"column":16},"end":{"line":14,"column":1}},"3":{"start":{"line":17,"column":2},"end":{"line":20,"column":3}},"4":{"start":{"line":18,"column":4},"end":{"line":18,"column":22}},"5":{"start":{"line":19,"column":4},"end":{"line":19,"column":18}},"6":{"start":{"line":21,"column":21},"end":{"line":21,"column":52}},"7":{"start":{"line":22,"column":16},"end":{"line":22,"column":47}},"8":{"start":{"line":24,"column":2},"end":{"line":27,"column":3}},"9":{"start":{"line":25,"column":4},"end":{"line":25,"column":20}},"10":{"start":{"line":26,"column":4},"end":{"line":26,"column":32}},"11":{"start":{"line":29,"column":22},"end":{"line":29,"column":30}},"12":{"start":{"line":30,"column":19},"end":{"line":30,"column":34}},"13":{"start":{"line":31,"column":2},"end":{"line":39,"column":7}},"14":{"start":{"line":34,"column":6},"end":{"line":34,"column":20}},"15":{"start":{"line":35,"column":6},"end":{"line":35,"column":13}},"16":{"start":{"line":38,"column":6},"end":{"line":38,"column":40}},"17":{"start":{"line":42,"column":0},"end":{"line":42,"column":27}}},"fnMap":{"0":{"name":"verifyJWT","decl":{"start":{"line":16,"column":9},"end":{"line":16,"column":18}},"loc":{"start":{"line":16,"column":35},"end":{"line":40,"column":1}},"line":16},"1":{"name":"(anonymous_1)","decl":{"start":{"line":33,"column":10},"end":{"line":33,"column":11}},"loc":{"start":{"line":33,"column":19},"end":{"line":36,"column":5}},"line":33},"2":{"name":"(anonymous_2)","decl":{"start":{"line":37,"column":11},"end":{"line":37,"column":12}},"loc":{"start":{"line":37,"column":20},"end":{"line":39,"column":5}},"line":37}},"branchMap":{"0":{"loc":{"start":{"line":17,"column":2},"end":{"line":20,"column":3}},"type":"if","locations":[{"start":{"line":17,"column":2},"end":{"line":20,"column":3}},{"start":{"line":17,"column":2},"end":{"line":20,"column":3}}],"line":17},"1":{"loc":{"start":{"line":21,"column":21},"end":{"line":21,"column":52}},"type":"binary-expr","locations":[{"start":{"line":21,"column":21},"end":{"line":21,"column":46}},{"start":{"line":21,"column":50},"end":{"line":21,"column":52}}],"line":21},"2":{"loc":{"start":{"line":24,"column":2},"end":{"line":27,"column":3}},"type":"if","locations":[{"start":{"line":24,"column":2},"end":{"line":27,"column":3}},{"start":{"line":24,"column":2},"end":{"line":27,"column":3}}],"line":24}},"s":{"0":3,"1":3,"2":3,"3":14,"4":0,"5":0,"6":14,"7":14,"8":14,"9":14,"10":14,"11":0,"12":0,"13":0,"14":0,"15":0,"16":0,"17":3},"f":{"0":14,"1":0,"2":0},"b":{"0":[0,14],"1":[14,14],"2":[14,0]},"_coverageSchema":"1a1c01bbd47fc00a2c39e90264f33305004495a9","hash":"4ec41dc73b3bb89b585dcba309a8774ba980542f"}
,"/Users/ksc/Code/lambda_school/SoMe/social-media-strategy-be/api/middleware/verifyTwitter.js": {"path":"/Users/ksc/Code/lambda_school/SoMe/social-media-strategy-be/api/middleware/verifyTwitter.js","statementMap":{"0":{"start":{"line":1,"column":14},"end":{"line":1,"column":30}},"1":{"start":{"line":2,"column":16},"end":{"line":2,"column":31}},"2":{"start":{"line":5,"column":19},"end":{"line":5,"column":37}},"3":{"start":{"line":7,"column":2},"end":{"line":30,"column":3}},"4":{"start":{"line":8,"column":13},"end":{"line":15,"column":5}},"5":{"start":{"line":17,"column":12},"end":{"line":22,"column":6}},"6":{"start":{"line":24,"column":4},"end":{"line":24,"column":18}},"7":{"start":{"line":25,"column":4},"end":{"line":25,"column":17}},"8":{"start":{"line":26,"column":4},"end":{"line":26,"column":11}},"9":{"start":{"line":28,"column":4},"end":{"line":28,"column":23}},"10":{"start":{"line":29,"column":4},"end":{"line":29,"column":32}},"11":{"start":{"line":33,"column":0},"end":{"line":33,"column":31}}},"fnMap":{"0":{"name":"verifyTwitter","decl":{"start":{"line":4,"column":15},"end":{"line":4,"column":28}},"loc":{"start":{"line":4,"column":45},"end":{"line":31,"column":1}},"line":4}},"branchMap":{},"s":{"0":3,"1":3,"2":0,"3":0,"4":0,"5":0,"6":0,"7":0,"8":0,"9":0,"10":0,"11":3},"f":{"0":0},"b":{},"_coverageSchema":"1a1c01bbd47fc00a2c39e90264f33305004495a9","hash":"190ba97a962357c23970c87d51e7c1030c57e3fc"}
,"/Users/ksc/Code/lambda_school/SoMe/social-media-strategy-be/api/models/listModel.js": {"path":"/Users/ksc/Code/lambda_school/SoMe/social-media-strategy-be/api/models/listModel.js","statementMap":{"0":{"start":{"line":1,"column":11},"end":{"line":1,"column":41}},"1":{"start":{"line":2,"column":11},"end":{"line":2,"column":26}},"2":{"start":{"line":4,"column":0},"end":{"line":4,"column":54}},"3":{"start":{"line":7,"column":2},"end":{"line":7,"column":21}},"4":{"start":{"line":11,"column":18},"end":{"line":11,"column":53}},"5":{"start":{"line":12,"column":2},"end":{"line":12,"column":17}},"6":{"start":{"line":16,"column":2},"end":{"line":16,"column":35}},"7":{"start":{"line":20,"column":2},"end":{"line":20,"column":51}},"8":{"start":{"line":24,"column":20},"end":{"line":24,"column":81}},"9":{"start":{"line":25,"column":2},"end":{"line":25,"column":17}}},"fnMap":{"0":{"name":"get","decl":{"start":{"line":6,"column":9},"end":{"line":6,"column":12}},"loc":{"start":{"line":6,"column":15},"end":{"line":8,"column":1}},"line":6},"1":{"name":"add","decl":{"start":{"line":10,"column":15},"end":{"line":10,"column":18}},"loc":{"start":{"line":10,"column":25},"end":{"line":13,"column":1}},"line":10},"2":{"name":"findBy","decl":{"start":{"line":15,"column":9},"end":{"line":15,"column":15}},"loc":{"start":{"line":15,"column":24},"end":{"line":17,"column":1}},"line":15},"3":{"name":"remove","decl":{"start":{"line":19,"column":9},"end":{"line":19,"column":15}},"loc":{"start":{"line":19,"column":30},"end":{"line":21,"column":1}},"line":19},"4":{"name":"update","decl":{"start":{"line":23,"column":15},"end":{"line":23,"column":21}},"loc":{"start":{"line":23,"column":44},"end":{"line":26,"column":1}},"line":23}},"branchMap":{},"s":{"0":3,"1":3,"2":3,"3":0,"4":0,"5":0,"6":0,"7":0,"8":0,"9":0},"f":{"0":0,"1":0,"2":0,"3":0,"4":0},"b":{},"_coverageSchema":"1a1c01bbd47fc00a2c39e90264f33305004495a9","hash":"5c7cbb2b5a8d31721d1fdf713d981a6891f71ad1"}
,"/Users/ksc/Code/lambda_school/SoMe/social-media-strategy-be/api/models/postsModel.js": {"path":"/Users/ksc/Code/lambda_school/SoMe/social-media-strategy-be/api/models/postsModel.js","statementMap":{"0":{"start":{"line":1,"column":11},"end":{"line":1,"column":41}},"1":{"start":{"line":2,"column":11},"end":{"line":2,"column":26}},"2":{"start":{"line":4,"column":0},"end":{"line":10,"column":2}},"3":{"start":{"line":13,"column":2},"end":{"line":13,"column":21}},"4":{"start":{"line":17,"column":14},"end":{"line":17,"column":25}},"5":{"start":{"line":18,"column":2},"end":{"line":18,"column":29}},"6":{"start":{"line":22,"column":17},"end":{"line":22,"column":55}},"7":{"start":{"line":23,"column":2},"end":{"line":23,"column":14}},"8":{"start":{"line":27,"column":2},"end":{"line":27,"column":51}},"9":{"start":{"line":31,"column":20},"end":{"line":33,"column":25}},"10":{"start":{"line":34,"column":2},"end":{"line":34,"column":17}}},"fnMap":{"0":{"name":"get","decl":{"start":{"line":12,"column":9},"end":{"line":12,"column":12}},"loc":{"start":{"line":12,"column":15},"end":{"line":14,"column":1}},"line":12},"1":{"name":"findBy","decl":{"start":{"line":16,"column":9},"end":{"line":16,"column":15}},"loc":{"start":{"line":16,"column":24},"end":{"line":19,"column":1}},"line":16},"2":{"name":"add","decl":{"start":{"line":21,"column":15},"end":{"line":21,"column":18}},"loc":{"start":{"line":21,"column":28},"end":{"line":24,"column":1}},"line":21},"3":{"name":"remove","decl":{"start":{"line":26,"column":9},"end":{"line":26,"column":15}},"loc":{"start":{"line":26,"column":30},"end":{"line":28,"column":1}},"line":26},"4":{"name":"update","decl":{"start":{"line":30,"column":15},"end":{"line":30,"column":21}},"loc":{"start":{"line":30,"column":45},"end":{"line":35,"column":1}},"line":30}},"branchMap":{},"s":{"0":3,"1":3,"2":3,"3":0,"4":0,"5":0,"6":0,"7":0,"8":0,"9":0,"10":0},"f":{"0":0,"1":0,"2":0,"3":0,"4":0},"b":{},"_coverageSchema":"1a1c01bbd47fc00a2c39e90264f33305004495a9","hash":"766eb86426eb6f9c1ab2b1c48995a54e7c569124"}
,"/Users/ksc/Code/lambda_school/SoMe/social-media-strategy-be/api/routers/apiRouter.js": {"path":"/Users/ksc/Code/lambda_school/SoMe/social-media-strategy-be/api/routers/apiRouter.js","statementMap":{"0":{"start":{"line":1,"column":16},"end":{"line":1,"column":34}},"1":{"start":{"line":2,"column":15},"end":{"line":2,"column":31}},"2":{"start":{"line":3,"column":18},"end":{"line":3,"column":52}},"3":{"start":{"line":4,"column":19},"end":{"line":4,"column":47}},"4":{"start":{"line":5,"column":19},"end":{"line":5,"column":42}},"5":{"start":{"line":6,"column":19},"end":{"line":6,"column":42}},"6":{"start":{"line":8,"column":0},"end":{"line":10,"column":3}},"7":{"start":{"line":9,"column":2},"end":{"line":9,"column":50}},"8":{"start":{"line":12,"column":0},"end":{"line":12,"column":22}},"9":{"start":{"line":13,"column":0},"end":{"line":13,"column":32}},"10":{"start":{"line":14,"column":0},"end":{"line":14,"column":33}},"11":{"start":{"line":15,"column":0},"end":{"line":15,"column":33}},"12":{"start":{"line":17,"column":0},"end":{"line":17,"column":24}}},"fnMap":{"0":{"name":"(anonymous_0)","decl":{"start":{"line":8,"column":16},"end":{"line":8,"column":17}},"loc":{"start":{"line":8,"column":30},"end":{"line":10,"column":1}},"line":8}},"branchMap":{},"s":{"0":3,"1":3,"2":3,"3":3,"4":3,"5":3,"6":3,"7":0,"8":3,"9":3,"10":3,"11":3,"12":3},"f":{"0":0},"b":{},"_coverageSchema":"1a1c01bbd47fc00a2c39e90264f33305004495a9","hash":"4b0117caf6440ce865fad00201ceb412fcdb7ddc"}
,"/Users/ksc/Code/lambda_school/SoMe/social-media-strategy-be/api/routers/listRouter.js": {"path":"/Users/ksc/Code/lambda_school/SoMe/social-media-strategy-be/api/routers/listRouter.js","statementMap":{"0":{"start":{"line":1,"column":16},"end":{"line":1,"column":34}},"1":{"start":{"line":2,"column":14},"end":{"line":2,"column":47}},"2":{"start":{"line":3,"column":14},"end":{"line":3,"column":48}},"3":{"start":{"line":4,"column":15},"end":{"line":4,"column":31}},"4":{"start":{"line":8,"column":0},"end":{"line":17,"column":3}},"5":{"start":{"line":9,"column":2},"end":{"line":16,"column":7}},"6":{"start":{"line":11,"column":6},"end":{"line":11,"column":34}},"7":{"start":{"line":14,"column":6},"end":{"line":14,"column":25}},"8":{"start":{"line":15,"column":6},"end":{"line":15,"column":32}},"9":{"start":{"line":21,"column":0},"end":{"line":32,"column":3}},"10":{"start":{"line":22,"column":17},"end":{"line":22,"column":27}},"11":{"start":{"line":24,"column":2},"end":{"line":31,"column":7}},"12":{"start":{"line":26,"column":6},"end":{"line":26,"column":71}},"13":{"start":{"line":26,"column":17},"end":{"line":26,"column":71}},"14":{"start":{"line":27,"column":6},"end":{"line":27,"column":33}},"15":{"start":{"line":30,"column":6},"end":{"line":30,"column":78}},"16":{"start":{"line":36,"column":0},"end":{"line":44,"column":3}},"17":{"start":{"line":37,"column":2},"end":{"line":43,"column":7}},"18":{"start":{"line":39,"column":6},"end":{"line":39,"column":34}},"19":{"start":{"line":42,"column":6},"end":{"line":42,"column":32}},"20":{"start":{"line":49,"column":0},"end":{"line":69,"column":3}},"21":{"start":{"line":50,"column":19},"end":{"line":50,"column":37}},"22":{"start":{"line":51,"column":23},"end":{"line":51,"column":55}},"23":{"start":{"line":52,"column":20},"end":{"line":52,"column":28}},"24":{"start":{"line":54,"column":2},"end":{"line":54,"column":76}},"25":{"start":{"line":54,"column":14},"end":{"line":54,"column":76}},"26":{"start":{"line":56,"column":18},"end":{"line":60,"column":3}},"27":{"start":{"line":62,"column":2},"end":{"line":68,"column":7}},"28":{"start":{"line":64,"column":6},"end":{"line":64,"column":33}},"29":{"start":{"line":67,"column":6},"end":{"line":67,"column":32}},"30":{"start":{"line":74,"column":0},"end":{"line":102,"column":3}},"31":{"start":{"line":75,"column":19},"end":{"line":75,"column":37}},"32":{"start":{"line":76,"column":18},"end":{"line":76,"column":31}},"33":{"start":{"line":78,"column":17},"end":{"line":78,"column":62}},"34":{"start":{"line":79,"column":2},"end":{"line":79,"column":67}},"35":{"start":{"line":79,"column":13},"end":{"line":79,"column":67}},"36":{"start":{"line":81,"column":23},"end":{"line":81,"column":64}},"37":{"start":{"line":82,"column":24},"end":{"line":82,"column":32}},"38":{"start":{"line":84,"column":2},"end":{"line":85,"column":77}},"39":{"start":{"line":85,"column":4},"end":{"line":85,"column":77}},"40":{"start":{"line":87,"column":18},"end":{"line":92,"column":3}},"41":{"start":{"line":94,"column":2},"end":{"line":101,"column":7}},"42":{"start":{"line":96,"column":6},"end":{"line":96,"column":33}},"43":{"start":{"line":99,"column":6},"end":{"line":99,"column":25}},"44":{"start":{"line":100,"column":6},"end":{"line":100,"column":32}},"45":{"start":{"line":107,"column":0},"end":{"line":122,"column":3}},"46":{"start":{"line":108,"column":17},"end":{"line":108,"column":27}},"47":{"start":{"line":109,"column":19},"end":{"line":109,"column":37}},"48":{"start":{"line":110,"column":18},"end":{"line":110,"column":26}},"49":{"start":{"line":112,"column":17},"end":{"line":112,"column":53}},"50":{"start":{"line":113,"column":2},"end":{"line":113,"column":67}},"51":{"start":{"line":113,"column":13},"end":{"line":113,"column":67}},"52":{"start":{"line":115,"column":2},"end":{"line":121,"column":7}},"53":{"start":{"line":117,"column":6},"end":{"line":117,"column":36}},"54":{"start":{"line":120,"column":6},"end":{"line":120,"column":32}},"55":{"start":{"line":127,"column":0},"end":{"line":142,"column":3}},"56":{"start":{"line":128,"column":17},"end":{"line":128,"column":27}},"57":{"start":{"line":129,"column":19},"end":{"line":129,"column":37}},"58":{"start":{"line":130,"column":18},"end":{"line":130,"column":26}},"59":{"start":{"line":132,"column":17},"end":{"line":132,"column":53}},"60":{"start":{"line":133,"column":2},"end":{"line":133,"column":67}},"61":{"start":{"line":133,"column":13},"end":{"line":133,"column":67}},"62":{"start":{"line":135,"column":2},"end":{"line":141,"column":7}},"63":{"start":{"line":137,"column":6},"end":{"line":137,"column":36}},"64":{"start":{"line":140,"column":6},"end":{"line":140,"column":32}},"65":{"start":{"line":147,"column":0},"end":{"line":161,"column":3}},"66":{"start":{"line":148,"column":17},"end":{"line":148,"column":27}},"67":{"start":{"line":149,"column":19},"end":{"line":149,"column":37}},"68":{"start":{"line":151,"column":17},"end":{"line":151,"column":53}},"69":{"start":{"line":152,"column":2},"end":{"line":152,"column":67}},"70":{"start":{"line":152,"column":13},"end":{"line":152,"column":67}},"71":{"start":{"line":154,"column":2},"end":{"line":160,"column":7}},"72":{"start":{"line":156,"column":6},"end":{"line":156,"column":40}},"73":{"start":{"line":159,"column":6},"end":{"line":159,"column":32}},"74":{"start":{"line":163,"column":0},"end":{"line":163,"column":24}}},"fnMap":{"0":{"name":"(anonymous_0)","decl":{"start":{"line":8,"column":16},"end":{"line":8,"column":17}},"loc":{"start":{"line":8,"column":36},"end":{"line":17,"column":1}},"line":8},"1":{"name":"(anonymous_1)","decl":{"start":{"line":10,"column":10},"end":{"line":10,"column":11}},"loc":{"start":{"line":10,"column":21},"end":{"line":12,"column":5}},"line":10},"2":{"name":"(anonymous_2)","decl":{"start":{"line":13,"column":11},"end":{"line":13,"column":12}},"loc":{"start":{"line":13,"column":20},"end":{"line":16,"column":5}},"line":13},"3":{"name":"(anonymous_3)","decl":{"start":{"line":21,"column":19},"end":{"line":21,"column":20}},"loc":{"start":{"line":21,"column":45},"end":{"line":32,"column":1}},"line":21},"4":{"name":"(anonymous_4)","decl":{"start":{"line":25,"column":10},"end":{"line":25,"column":11}},"loc":{"start":{"line":25,"column":22},"end":{"line":28,"column":5}},"line":25},"5":{"name":"(anonymous_5)","decl":{"start":{"line":29,"column":11},"end":{"line":29,"column":12}},"loc":{"start":{"line":29,"column":20},"end":{"line":31,"column":5}},"line":29},"6":{"name":"(anonymous_6)","decl":{"start":{"line":36,"column":25},"end":{"line":36,"column":26}},"loc":{"start":{"line":36,"column":39},"end":{"line":44,"column":1}},"line":36},"7":{"name":"(anonymous_7)","decl":{"start":{"line":38,"column":10},"end":{"line":38,"column":11}},"loc":{"start":{"line":38,"column":21},"end":{"line":40,"column":5}},"line":38},"8":{"name":"(anonymous_8)","decl":{"start":{"line":41,"column":11},"end":{"line":41,"column":12}},"loc":{"start":{"line":41,"column":20},"end":{"line":43,"column":5}},"line":41},"9":{"name":"(anonymous_9)","decl":{"start":{"line":49,"column":17},"end":{"line":49,"column":18}},"loc":{"start":{"line":49,"column":43},"end":{"line":69,"column":1}},"line":49},"10":{"name":"(anonymous_10)","decl":{"start":{"line":63,"column":10},"end":{"line":63,"column":11}},"loc":{"start":{"line":63,"column":20},"end":{"line":65,"column":5}},"line":63},"11":{"name":"(anonymous_11)","decl":{"start":{"line":66,"column":11},"end":{"line":66,"column":12}},"loc":{"start":{"line":66,"column":20},"end":{"line":68,"column":5}},"line":66},"12":{"name":"(anonymous_12)","decl":{"start":{"line":74,"column":26},"end":{"line":74,"column":27}},"loc":{"start":{"line":74,"column":52},"end":{"line":102,"column":1}},"line":74},"13":{"name":"(anonymous_13)","decl":{"start":{"line":95,"column":10},"end":{"line":95,"column":11}},"loc":{"start":{"line":95,"column":20},"end":{"line":97,"column":5}},"line":95},"14":{"name":"(anonymous_14)","decl":{"start":{"line":98,"column":11},"end":{"line":98,"column":12}},"loc":{"start":{"line":98,"column":20},"end":{"line":101,"column":5}},"line":98},"15":{"name":"(anonymous_15)","decl":{"start":{"line":107,"column":19},"end":{"line":107,"column":20}},"loc":{"start":{"line":107,"column":45},"end":{"line":122,"column":1}},"line":107},"16":{"name":"(anonymous_16)","decl":{"start":{"line":116,"column":10},"end":{"line":116,"column":11}},"loc":{"start":{"line":116,"column":23},"end":{"line":118,"column":5}},"line":116},"17":{"name":"(anonymous_17)","decl":{"start":{"line":119,"column":11},"end":{"line":119,"column":12}},"loc":{"start":{"line":119,"column":20},"end":{"line":121,"column":5}},"line":119},"18":{"name":"(anonymous_18)","decl":{"start":{"line":127,"column":21},"end":{"line":127,"column":22}},"loc":{"start":{"line":127,"column":47},"end":{"line":142,"column":1}},"line":127},"19":{"name":"(anonymous_19)","decl":{"start":{"line":136,"column":10},"end":{"line":136,"column":11}},"loc":{"start":{"line":136,"column":23},"end":{"line":138,"column":5}},"line":136},"20":{"name":"(anonymous_20)","decl":{"start":{"line":139,"column":11},"end":{"line":139,"column":12}},"loc":{"start":{"line":139,"column":20},"end":{"line":141,"column":5}},"line":139},"21":{"name":"(anonymous_21)","decl":{"start":{"line":147,"column":22},"end":{"line":147,"column":23}},"loc":{"start":{"line":147,"column":48},"end":{"line":161,"column":1}},"line":147},"22":{"name":"(anonymous_22)","decl":{"start":{"line":155,"column":10},"end":{"line":155,"column":11}},"loc":{"start":{"line":155,"column":23},"end":{"line":157,"column":5}},"line":155},"23":{"name":"(anonymous_23)","decl":{"start":{"line":158,"column":11},"end":{"line":158,"column":12}},"loc":{"start":{"line":158,"column":20},"end":{"line":160,"column":5}},"line":158}},"branchMap":{"0":{"loc":{"start":{"line":26,"column":6},"end":{"line":26,"column":71}},"type":"if","locations":[{"start":{"line":26,"column":6},"end":{"line":26,"column":71}},{"start":{"line":26,"column":6},"end":{"line":26,"column":71}}],"line":26},"1":{"loc":{"start":{"line":54,"column":2},"end":{"line":54,"column":76}},"type":"if","locations":[{"start":{"line":54,"column":2},"end":{"line":54,"column":76}},{"start":{"line":54,"column":2},"end":{"line":54,"column":76}}],"line":54},"2":{"loc":{"start":{"line":79,"column":2},"end":{"line":79,"column":67}},"type":"if","locations":[{"start":{"line":79,"column":2},"end":{"line":79,"column":67}},{"start":{"line":79,"column":2},"end":{"line":79,"column":67}}],"line":79},"3":{"loc":{"start":{"line":84,"column":2},"end":{"line":85,"column":77}},"type":"if","locations":[{"start":{"line":84,"column":2},"end":{"line":85,"column":77}},{"start":{"line":84,"column":2},"end":{"line":85,"column":77}}],"line":84},"4":{"loc":{"start":{"line":113,"column":2},"end":{"line":113,"column":67}},"type":"if","locations":[{"start":{"line":113,"column":2},"end":{"line":113,"column":67}},{"start":{"line":113,"column":2},"end":{"line":113,"column":67}}],"line":113},"5":{"loc":{"start":{"line":133,"column":2},"end":{"line":133,"column":67}},"type":"if","locations":[{"start":{"line":133,"column":2},"end":{"line":133,"column":67}},{"start":{"line":133,"column":2},"end":{"line":133,"column":67}}],"line":133},"6":{"loc":{"start":{"line":152,"column":2},"end":{"line":152,"column":67}},"type":"if","locations":[{"start":{"line":152,"column":2},"end":{"line":152,"column":67}},{"start":{"line":152,"column":2},"end":{"line":152,"column":67}}],"line":152}},"s":{"0":3,"1":3,"2":3,"3":3,"4":3,"5":0,"6":0,"7":0,"8":0,"9":3,"10":0,"11":0,"12":0,"13":0,"14":0,"15":0,"16":3,"17":0,"18":0,"19":0,"20":3,"21":0,"22":0,"23":0,"24":0,"25":0,"26":0,"27":0,"28":0,"29":0,"30":3,"31":0,"32":0,"33":0,"34":0,"35":0,"36":0,"37":0,"38":0,"39":0,"40":0,"41":0,"42":0,"43":0,"44":0,"45":3,"46":0,"47":0,"48":0,"49":0,"50":0,"51":0,"52":0,"53":0,"54":0,"55":3,"56":0,"57":0,"58":0,"59":0,"60":0,"61":0,"62":0,"63":0,"64":0,"65":3,"66":0,"67":0,"68":0,"69":0,"70":0,"71":0,"72":0,"73":0,"74":3},"f":{"0":0,"1":0,"2":0,"3":0,"4":0,"5":0,"6":0,"7":0,"8":0,"9":0,"10":0,"11":0,"12":0,"13":0,"14":0,"15":0,"16":0,"17":0,"18":0,"19":0,"20":0,"21":0,"22":0,"23":0},"b":{"0":[0,0],"1":[0,0],"2":[0,0],"3":[0,0],"4":[0,0],"5":[0,0],"6":[0,0]},"_coverageSchema":"1a1c01bbd47fc00a2c39e90264f33305004495a9","hash":"06c3eb8c5bc5ef92194fd10682b3c332892d64d7"}
,"/Users/ksc/Code/lambda_school/SoMe/social-media-strategy-be/api/routers/postRouter.js": {"path":"/Users/ksc/Code/lambda_school/SoMe/social-media-strategy-be/api/routers/postRouter.js","statementMap":{"0":{"start":{"line":1,"column":16},"end":{"line":1,"column":34}},"1":{"start":{"line":2,"column":15},"end":{"line":2,"column":31}},"2":{"start":{"line":3,"column":14},"end":{"line":3,"column":48}},"3":{"start":{"line":4,"column":22},"end":{"line":4,"column":60}},"4":{"start":{"line":8,"column":0},"end":{"line":16,"column":3}},"5":{"start":{"line":9,"column":2},"end":{"line":15,"column":7}},"6":{"start":{"line":11,"column":6},"end":{"line":11,"column":34}},"7":{"start":{"line":14,"column":6},"end":{"line":14,"column":32}},"8":{"start":{"line":20,"column":0},"end":{"line":29,"column":3}},"9":{"start":{"line":21,"column":17},"end":{"line":21,"column":27}},"10":{"start":{"line":22,"column":2},"end":{"line":28,"column":7}},"11":{"start":{"line":24,"column":6},"end":{"line":24,"column":33}},"12":{"start":{"line":27,"column":6},"end":{"line":27,"column":32}},"13":{"start":{"line":33,"column":0},"end":{"line":58,"column":3}},"14":{"start":{"line":34,"column":17},"end":{"line":34,"column":27}},"15":{"start":{"line":35,"column":19},"end":{"line":35,"column":37}},"16":{"start":{"line":36,"column":2},"end":{"line":57,"column":3}},"17":{"start":{"line":37,"column":26},"end":{"line":37,"column":62}},"18":{"start":{"line":38,"column":4},"end":{"line":40,"column":5}},"19":{"start":{"line":39,"column":6},"end":{"line":39,"column":54}},"20":{"start":{"line":42,"column":4},"end":{"line":46,"column":5}},"21":{"start":{"line":43,"column":6},"end":{"line":45,"column":9}},"22":{"start":{"line":48,"column":24},"end":{"line":52,"column":5}},"23":{"start":{"line":53,"column":4},"end":{"line":53,"column":45}},"24":{"start":{"line":55,"column":4},"end":{"line":55,"column":23}},"25":{"start":{"line":56,"column":4},"end":{"line":56,"column":30}},"26":{"start":{"line":62,"column":0},"end":{"line":75,"column":3}},"27":{"start":{"line":63,"column":17},"end":{"line":63,"column":27}},"28":{"start":{"line":64,"column":18},"end":{"line":64,"column":26}},"29":{"start":{"line":66,"column":2},"end":{"line":74,"column":7}},"30":{"start":{"line":68,"column":6},"end":{"line":68,"column":74}},"31":{"start":{"line":68,"column":20},"end":{"line":68,"column":74}},"32":{"start":{"line":69,"column":6},"end":{"line":69,"column":24}},"33":{"start":{"line":72,"column":6},"end":{"line":72,"column":25}},"34":{"start":{"line":73,"column":6},"end":{"line":73,"column":76}},"35":{"start":{"line":79,"column":0},"end":{"line":92,"column":3}},"36":{"start":{"line":80,"column":17},"end":{"line":80,"column":27}},"37":{"start":{"line":81,"column":18},"end":{"line":81,"column":26}},"38":{"start":{"line":83,"column":2},"end":{"line":91,"column":7}},"39":{"start":{"line":85,"column":6},"end":{"line":85,"column":74}},"40":{"start":{"line":85,"column":20},"end":{"line":85,"column":74}},"41":{"start":{"line":86,"column":6},"end":{"line":86,"column":24}},"42":{"start":{"line":89,"column":6},"end":{"line":89,"column":25}},"43":{"start":{"line":90,"column":6},"end":{"line":90,"column":76}},"44":{"start":{"line":96,"column":0},"end":{"line":107,"column":3}},"45":{"start":{"line":97,"column":17},"end":{"line":97,"column":27}},"46":{"start":{"line":99,"column":2},"end":{"line":106,"column":7}},"47":{"start":{"line":101,"column":6},"end":{"line":101,"column":74}},"48":{"start":{"line":101,"column":20},"end":{"line":101,"column":74}},"49":{"start":{"line":102,"column":6},"end":{"line":102,"column":65}},"50":{"start":{"line":105,"column":6},"end":{"line":105,"column":32}},"51":{"start":{"line":109,"column":0},"end":{"line":109,"column":24}}},"fnMap":{"0":{"name":"(anonymous_0)","decl":{"start":{"line":8,"column":16},"end":{"line":8,"column":17}},"loc":{"start":{"line":8,"column":30},"end":{"line":16,"column":1}},"line":8},"1":{"name":"(anonymous_1)","decl":{"start":{"line":10,"column":10},"end":{"line":10,"column":11}},"loc":{"start":{"line":10,"column":21},"end":{"line":12,"column":5}},"line":10},"2":{"name":"(anonymous_2)","decl":{"start":{"line":13,"column":11},"end":{"line":13,"column":12}},"loc":{"start":{"line":13,"column":20},"end":{"line":15,"column":5}},"line":13},"3":{"name":"(anonymous_3)","decl":{"start":{"line":20,"column":19},"end":{"line":20,"column":20}},"loc":{"start":{"line":20,"column":33},"end":{"line":29,"column":1}},"line":20},"4":{"name":"(anonymous_4)","decl":{"start":{"line":23,"column":10},"end":{"line":23,"column":11}},"loc":{"start":{"line":23,"column":22},"end":{"line":25,"column":5}},"line":23},"5":{"name":"(anonymous_5)","decl":{"start":{"line":26,"column":11},"end":{"line":26,"column":12}},"loc":{"start":{"line":26,"column":20},"end":{"line":28,"column":5}},"line":26},"6":{"name":"(anonymous_6)","decl":{"start":{"line":33,"column":42},"end":{"line":33,"column":43}},"loc":{"start":{"line":33,"column":68},"end":{"line":58,"column":1}},"line":33},"7":{"name":"(anonymous_7)","decl":{"start":{"line":62,"column":19},"end":{"line":62,"column":20}},"loc":{"start":{"line":62,"column":39},"end":{"line":75,"column":1}},"line":62},"8":{"name":"(anonymous_8)","decl":{"start":{"line":67,"column":10},"end":{"line":67,"column":11}},"loc":{"start":{"line":67,"column":23},"end":{"line":70,"column":5}},"line":67},"9":{"name":"(anonymous_9)","decl":{"start":{"line":71,"column":11},"end":{"line":71,"column":12}},"loc":{"start":{"line":71,"column":20},"end":{"line":74,"column":5}},"line":71},"10":{"name":"(anonymous_10)","decl":{"start":{"line":79,"column":21},"end":{"line":79,"column":22}},"loc":{"start":{"line":79,"column":41},"end":{"line":92,"column":1}},"line":79},"11":{"name":"(anonymous_11)","decl":{"start":{"line":84,"column":10},"end":{"line":84,"column":11}},"loc":{"start":{"line":84,"column":23},"end":{"line":87,"column":5}},"line":84},"12":{"name":"(anonymous_12)","decl":{"start":{"line":88,"column":11},"end":{"line":88,"column":12}},"loc":{"start":{"line":88,"column":20},"end":{"line":91,"column":5}},"line":88},"13":{"name":"(anonymous_13)","decl":{"start":{"line":96,"column":22},"end":{"line":96,"column":23}},"loc":{"start":{"line":96,"column":42},"end":{"line":107,"column":1}},"line":96},"14":{"name":"(anonymous_14)","decl":{"start":{"line":100,"column":10},"end":{"line":100,"column":11}},"loc":{"start":{"line":100,"column":23},"end":{"line":103,"column":5}},"line":100},"15":{"name":"(anonymous_15)","decl":{"start":{"line":104,"column":11},"end":{"line":104,"column":12}},"loc":{"start":{"line":104,"column":20},"end":{"line":106,"column":5}},"line":104}},"branchMap":{"0":{"loc":{"start":{"line":38,"column":4},"end":{"line":40,"column":5}},"type":"if","locations":[{"start":{"line":38,"column":4},"end":{"line":40,"column":5}},{"start":{"line":38,"column":4},"end":{"line":40,"column":5}}],"line":38},"1":{"loc":{"start":{"line":42,"column":4},"end":{"line":46,"column":5}},"type":"if","locations":[{"start":{"line":42,"column":4},"end":{"line":46,"column":5}},{"start":{"line":42,"column":4},"end":{"line":46,"column":5}}],"line":42},"2":{"loc":{"start":{"line":68,"column":6},"end":{"line":68,"column":74}},"type":"if","locations":[{"start":{"line":68,"column":6},"end":{"line":68,"column":74}},{"start":{"line":68,"column":6},"end":{"line":68,"column":74}}],"line":68},"3":{"loc":{"start":{"line":85,"column":6},"end":{"line":85,"column":74}},"type":"if","locations":[{"start":{"line":85,"column":6},"end":{"line":85,"column":74}},{"start":{"line":85,"column":6},"end":{"line":85,"column":74}}],"line":85},"4":{"loc":{"start":{"line":101,"column":6},"end":{"line":101,"column":74}},"type":"if","locations":[{"start":{"line":101,"column":6},"end":{"line":101,"column":74}},{"start":{"line":101,"column":6},"end":{"line":101,"column":74}}],"line":101}},"s":{"0":3,"1":3,"2":3,"3":3,"4":3,"5":0,"6":0,"7":0,"8":3,"9":0,"10":0,"11":0,"12":0,"13":3,"14":0,"15":0,"16":0,"17":0,"18":0,"19":0,"20":0,"21":0,"22":0,"23":0,"24":0,"25":0,"26":3,"27":0,"28":0,"29":0,"30":0,"31":0,"32":0,"33":0,"34":0,"35":3,"36":0,"37":0,"38":0,"39":0,"40":0,"41":0,"42":0,"43":0,"44":3,"45":0,"46":0,"47":0,"48":0,"49":0,"50":0,"51":3},"f":{"0":0,"1":0,"2":0,"3":0,"4":0,"5":0,"6":0,"7":0,"8":0,"9":0,"10":0,"11":0,"12":0,"13":0,"14":0,"15":0},"b":{"0":[0,0],"1":[0,0],"2":[0,0],"3":[0,0],"4":[0,0]},"_coverageSchema":"1a1c01bbd47fc00a2c39e90264f33305004495a9","hash":"97b99e93c24124c6441150051f62bc713d7698d6"}
,"/Users/ksc/Code/lambda_school/SoMe/social-media-strategy-be/api/routers/auth/authRouter.js": {"path":"/Users/ksc/Code/lambda_school/SoMe/social-media-strategy-be/api/routers/auth/authRouter.js","statementMap":{"0":{"start":{"line":1,"column":0},"end":{"line":1,"column":27}},"1":{"start":{"line":2,"column":16},"end":{"line":2,"column":34}},"2":{"start":{"line":3,"column":15},"end":{"line":3,"column":31}},"3":{"start":{"line":4,"column":14},"end":{"line":4,"column":30}},"4":{"start":{"line":5,"column":16},"end":{"line":5,"column":39}},"5":{"start":{"line":6,"column":20},"end":{"line":6,"column":43}},"6":{"start":{"line":8,"column":15},"end":{"line":11,"column":2}},"7":{"start":{"line":13,"column":0},"end":{"line":24,"column":3}},"8":{"start":{"line":14,"column":22},"end":{"line":14,"column":71}},"9":{"start":{"line":16,"column":2},"end":{"line":23,"column":3}},"10":{"start":{"line":17,"column":26},"end":{"line":17,"column":67}},"11":{"start":{"line":18,"column":24},"end":{"line":18,"column":106}},"12":{"start":{"line":20,"column":4},"end":{"line":20,"column":38}},"13":{"start":{"line":22,"column":4},"end":{"line":22,"column":40}},"14":{"start":{"line":26,"column":0},"end":{"line":70,"column":3}},"15":{"start":{"line":27,"column":19},"end":{"line":27,"column":37}},"16":{"start":{"line":28,"column":42},"end":{"line":28,"column":50}},"17":{"start":{"line":30,"column":17},"end":{"line":35,"column":39}},"18":{"start":{"line":34,"column":24},"end":{"line":34,"column":47}},"19":{"start":{"line":35,"column":20},"end":{"line":35,"column":38}},"20":{"start":{"line":37,"column":2},"end":{"line":41,"column":7}},"21":{"start":{"line":38,"column":4},"end":{"line":41,"column":7}},"22":{"start":{"line":44,"column":2},"end":{"line":69,"column":7}},"23":{"start":{"line":62,"column":6},"end":{"line":64,"column":9}},"24":{"start":{"line":67,"column":6},"end":{"line":67,"column":25}},"25":{"start":{"line":68,"column":6},"end":{"line":68,"column":75}},"26":{"start":{"line":72,"column":0},"end":{"line":105,"column":3}},"27":{"start":{"line":73,"column":19},"end":{"line":73,"column":37}},"28":{"start":{"line":76,"column":2},"end":{"line":104,"column":7}},"29":{"start":{"line":94,"column":6},"end":{"line":96,"column":9}},"30":{"start":{"line":99,"column":6},"end":{"line":99,"column":25}},"31":{"start":{"line":100,"column":6},"end":{"line":103,"column":9}},"32":{"start":{"line":107,"column":0},"end":{"line":107,"column":24}}},"fnMap":{"0":{"name":"(anonymous_0)","decl":{"start":{"line":13,"column":33},"end":{"line":13,"column":34}},"loc":{"start":{"line":13,"column":59},"end":{"line":24,"column":1}},"line":13},"1":{"name":"(anonymous_1)","decl":{"start":{"line":26,"column":33},"end":{"line":26,"column":34}},"loc":{"start":{"line":26,"column":59},"end":{"line":70,"column":1}},"line":26},"2":{"name":"(anonymous_2)","decl":{"start":{"line":34,"column":10},"end":{"line":34,"column":11}},"loc":{"start":{"line":34,"column":24},"end":{"line":34,"column":47}},"line":34},"3":{"name":"(anonymous_3)","decl":{"start":{"line":35,"column":11},"end":{"line":35,"column":12}},"loc":{"start":{"line":35,"column":20},"end":{"line":35,"column":38}},"line":35},"4":{"name":"(anonymous_4)","decl":{"start":{"line":61,"column":10},"end":{"line":61,"column":11}},"loc":{"start":{"line":61,"column":24},"end":{"line":65,"column":5}},"line":61},"5":{"name":"(anonymous_5)","decl":{"start":{"line":66,"column":11},"end":{"line":66,"column":12}},"loc":{"start":{"line":66,"column":20},"end":{"line":69,"column":5}},"line":66},"6":{"name":"(anonymous_6)","decl":{"start":{"line":72,"column":34},"end":{"line":72,"column":35}},"loc":{"start":{"line":72,"column":60},"end":{"line":105,"column":1}},"line":72},"7":{"name":"(anonymous_7)","decl":{"start":{"line":93,"column":10},"end":{"line":93,"column":11}},"loc":{"start":{"line":93,"column":24},"end":{"line":97,"column":5}},"line":93},"8":{"name":"(anonymous_8)","decl":{"start":{"line":98,"column":11},"end":{"line":98,"column":12}},"loc":{"start":{"line":98,"column":20},"end":{"line":104,"column":5}},"line":98}},"branchMap":{"0":{"loc":{"start":{"line":37,"column":2},"end":{"line":41,"column":7}},"type":"if","locations":[{"start":{"line":37,"column":2},"end":{"line":41,"column":7}},{"start":{"line":37,"column":2},"end":{"line":41,"column":7}}],"line":37}},"s":{"0":3,"1":3,"2":3,"3":3,"4":3,"5":3,"6":3,"7":3,"8":0,"9":0,"10":0,"11":0,"12":0,"13":0,"14":3,"15":0,"16":0,"17":0,"18":0,"19":0,"20":0,"21":0,"22":0,"23":0,"24":0,"25":0,"26":3,"27":0,"28":0,"29":0,"30":0,"31":0,"32":3},"f":{"0":0,"1":0,"2":0,"3":0,"4":0,"5":0,"6":0,"7":0,"8":0},"b":{"0":[0,0]},"_coverageSchema":"1a1c01bbd47fc00a2c39e90264f33305004495a9","hash":"378eb5c5daea5f4d426a2394cd7c3f2fa60ff13b"}
,"/Users/ksc/Code/lambda_school/SoMe/social-media-strategy-be/data/dbConfig.js": {"path":"/Users/ksc/Code/lambda_school/SoMe/social-media-strategy-be/data/dbConfig.js","statementMap":{"0":{"start":{"line":1,"column":0},"end":{"line":1,"column":27}},"1":{"start":{"line":2,"column":13},"end":{"line":2,"column":28}},"2":{"start":{"line":4,"column":17},"end":{"line":4,"column":42}},"3":{"start":{"line":6,"column":20},"end":{"line":6,"column":57}},"4":{"start":{"line":8,"column":0},"end":{"line":8,"column":72}}},"fnMap":{},"branchMap":{"0":{"loc":{"start":{"line":6,"column":20},"end":{"line":6,"column":57}},"type":"binary-expr","locations":[{"start":{"line":6,"column":20},"end":{"line":6,"column":40}},{"start":{"line":6,"column":44},"end":{"line":6,"column":57}}],"line":6},"1":{"loc":{"start":{"line":8,"column":22},"end":{"line":8,"column":70}},"type":"binary-expr","locations":[{"start":{"line":8,"column":22},"end":{"line":8,"column":43}},{"start":{"line":8,"column":47},"end":{"line":8,"column":70}}],"line":8}},"s":{"0":3,"1":3,"2":3,"3":3,"4":3},"f":{},"b":{"0":[3,0],"1":[3,3]},"_coverageSchema":"1a1c01bbd47fc00a2c39e90264f33305004495a9","hash":"eb7a51c580e813f1e828af5cbea34571d0562588"}
,"/Users/ksc/Code/lambda_school/SoMe/social-media-strategy-be/data/migrations/20200518094704_create-tables.js": {"path":"/Users/ksc/Code/lambda_school/SoMe/social-media-strategy-be/data/migrations/20200518094704_create-tables.js","statementMap":{"0":{"start":{"line":1,"column":0},"end":{"line":37,"column":2}},"1":{"start":{"line":2,"column":2},"end":{"line":36,"column":7}},"2":{"start":{"line":5,"column":6},"end":{"line":10,"column":51}},"3":{"start":{"line":11,"column":6},"end":{"line":11,"column":43}},"4":{"start":{"line":12,"column":6},"end":{"line":12,"column":59}},"5":{"start":{"line":13,"column":6},"end":{"line":13,"column":41}},"6":{"start":{"line":14,"column":6},"end":{"line":14,"column":40}},"7":{"start":{"line":17,"column":6},"end":{"line":22,"column":51}},"8":{"start":{"line":23,"column":6},"end":{"line":23,"column":43}},"9":{"start":{"line":24,"column":6},"end":{"line":29,"column":29}},"10":{"start":{"line":30,"column":6},"end":{"line":30,"column":59}},"11":{"start":{"line":31,"column":6},"end":{"line":31,"column":41}},"12":{"start":{"line":32,"column":6},"end":{"line":32,"column":28}},"13":{"start":{"line":33,"column":6},"end":{"line":33,"column":60}},"14":{"start":{"line":34,"column":6},"end":{"line":34,"column":34}},"15":{"start":{"line":35,"column":6},"end":{"line":35,"column":36}},"16":{"start":{"line":39,"column":0},"end":{"line":44,"column":2}},"17":{"start":{"line":40,"column":2},"end":{"line":43,"column":32}}},"fnMap":{"0":{"name":"(anonymous_0)","decl":{"start":{"line":1,"column":13},"end":{"line":1,"column":14}},"loc":{"start":{"line":1,"column":29},"end":{"line":37,"column":1}},"line":1},"1":{"name":"(anonymous_1)","decl":{"start":{"line":4,"column":26},"end":{"line":4,"column":27}},"loc":{"start":{"line":4,"column":35},"end":{"line":15,"column":5}},"line":4},"2":{"name":"(anonymous_2)","decl":{"start":{"line":16,"column":26},"end":{"line":16,"column":27}},"loc":{"start":{"line":16,"column":35},"end":{"line":36,"column":5}},"line":16},"3":{"name":"(anonymous_3)","decl":{"start":{"line":39,"column":15},"end":{"line":39,"column":16}},"loc":{"start":{"line":39,"column":31},"end":{"line":44,"column":1}},"line":39}},"branchMap":{},"s":{"0":0,"1":0,"2":0,"3":0,"4":0,"5":0,"6":0,"7":0,"8":0,"9":0,"10":0,"11":0,"12":0,"13":0,"14":0,"15":0,"16":0,"17":0},"f":{"0":0,"1":0,"2":0,"3":0},"b":{}}
,"/Users/ksc/Code/lambda_school/SoMe/social-media-strategy-be/data/seeds/000_cleanup.js": {"path":"/Users/ksc/Code/lambda_school/SoMe/social-media-strategy-be/data/seeds/000_cleanup.js","statementMap":{"0":{"start":{"line":1,"column":18},"end":{"line":1,"column":41}},"1":{"start":{"line":3,"column":0},"end":{"line":9,"column":2}},"2":{"start":{"line":4,"column":2},"end":{"line":8,"column":5}}},"fnMap":{"0":{"name":"(anonymous_0)","decl":{"start":{"line":3,"column":15},"end":{"line":3,"column":16}},"loc":{"start":{"line":3,"column":30},"end":{"line":9,"column":1}},"line":3}},"branchMap":{},"s":{"0":2,"1":2,"2":2},"f":{"0":2},"b":{},"_coverageSchema":"1a1c01bbd47fc00a2c39e90264f33305004495a9","hash":"87a2e189521891ec9e27773448b12da3d1d34d56"}
,"/Users/ksc/Code/lambda_school/SoMe/social-media-strategy-be/data/seeds/001_lists.js": {"path":"/Users/ksc/Code/lambda_school/SoMe/social-media-strategy-be/data/seeds/001_lists.js","statementMap":{"0":{"start":{"line":1,"column":0},"end":{"line":38,"column":2}},"1":{"start":{"line":3,"column":2},"end":{"line":37,"column":7}},"2":{"start":{"line":7,"column":6},"end":{"line":36,"column":9}}},"fnMap":{"0":{"name":"(anonymous_0)","decl":{"start":{"line":1,"column":15},"end":{"line":1,"column":16}},"loc":{"start":{"line":1,"column":31},"end":{"line":38,"column":1}},"line":1},"1":{"name":"(anonymous_1)","decl":{"start":{"line":5,"column":10},"end":{"line":5,"column":11}},"loc":{"start":{"line":5,"column":22},"end":{"line":37,"column":5}},"line":5}},"branchMap":{},"s":{"0":2,"1":2,"2":2},"f":{"0":2,"1":2},"b":{},"_coverageSchema":"1a1c01bbd47fc00a2c39e90264f33305004495a9","hash":"5a28a095ca686c0d741eea4edcbd74ee1fd08933"}
,"/Users/ksc/Code/lambda_school/SoMe/social-media-strategy-be/data/seeds/002_posts.js": {"path":"/Users/ksc/Code/lambda_school/SoMe/social-media-strategy-be/data/seeds/002_posts.js","statementMap":{"0":{"start":{"line":1,"column":0},"end":{"line":82,"column":2}},"1":{"start":{"line":3,"column":2},"end":{"line":81,"column":7}},"2":{"start":{"line":7,"column":6},"end":{"line":80,"column":9}}},"fnMap":{"0":{"name":"(anonymous_0)","decl":{"start":{"line":1,"column":15},"end":{"line":1,"column":16}},"loc":{"start":{"line":1,"column":31},"end":{"line":82,"column":1}},"line":1},"1":{"name":"(anonymous_1)","decl":{"start":{"line":5,"column":10},"end":{"line":5,"column":11}},"loc":{"start":{"line":5,"column":22},"end":{"line":81,"column":5}},"line":5}},"branchMap":{},"s":{"0":2,"1":2,"2":2},"f":{"0":2,"1":2},"b":{},"_coverageSchema":"1a1c01bbd47fc00a2c39e90264f33305004495a9","hash":"e404d2da3ac337ebdbc1efb36c34043547470103"}
}
