{"C:\\Users\\Jrive\\Desktop\\Lambda projects\\Labs\\social-media-strategy-be\\knexfile.js": {"path":"C:\\Users\\Jrive\\Desktop\\Lambda projects\\Labs\\social-media-strategy-be\\knexfile.js","statementMap":{"0":{"start":{"line":2,"column":0},"end":{"line":2,"column":27}},"1":{"start":{"line":4,"column":0},"end":{"line":57,"column":2}}},"fnMap":{},"branchMap":{},"s":{"0":1,"1":1},"f":{},"b":{},"_coverageSchema":"1a1c01bbd47fc00a2c39e90264f33305004495a9","hash":"168f35403093a67562fab7da0292856e1d0d6c67"}
,"C:\\Users\\Jrive\\Desktop\\Lambda projects\\Labs\\social-media-strategy-be\\api\\api-routes.js": {"path":"C:\\Users\\Jrive\\Desktop\\Lambda projects\\Labs\\social-media-strategy-be\\api\\api-routes.js","statementMap":{"0":{"start":{"line":1,"column":16},"end":{"line":1,"column":34}},"1":{"start":{"line":2,"column":15},"end":{"line":2,"column":31}},"2":{"start":{"line":3,"column":19},"end":{"line":3,"column":59}},"3":{"start":{"line":4,"column":19},"end":{"line":4,"column":70}},"4":{"start":{"line":5,"column":20},"end":{"line":5,"column":63}},"5":{"start":{"line":6,"column":19},"end":{"line":6,"column":60}},"6":{"start":{"line":7,"column":21},"end":{"line":7,"column":66}},"7":{"start":{"line":8,"column":24},"end":{"line":8,"column":75}},"8":{"start":{"line":10,"column":0},"end":{"line":12,"column":3}},"9":{"start":{"line":11,"column":2},"end":{"line":11,"column":50}},"10":{"start":{"line":14,"column":0},"end":{"line":14,"column":32}},"11":{"start":{"line":15,"column":0},"end":{"line":15,"column":45}},"12":{"start":{"line":16,"column":0},"end":{"line":16,"column":34}},"13":{"start":{"line":17,"column":0},"end":{"line":17,"column":36}},"14":{"start":{"line":18,"column":0},"end":{"line":18,"column":54}},"15":{"start":{"line":20,"column":0},"end":{"line":20,"column":24}}},"fnMap":{"0":{"name":"(anonymous_0)","decl":{"start":{"line":10,"column":16},"end":{"line":10,"column":17}},"loc":{"start":{"line":10,"column":30},"end":{"line":12,"column":1}},"line":10}},"branchMap":{},"s":{"0":1,"1":1,"2":1,"3":1,"4":1,"5":1,"6":1,"7":1,"8":1,"9":0,"10":1,"11":1,"12":1,"13":1,"14":1,"15":1},"f":{"0":0},"b":{},"_coverageSchema":"1a1c01bbd47fc00a2c39e90264f33305004495a9","hash":"0f2ab2cb6fdc679a775c983d6bcd51022964467f"}
,"C:\\Users\\Jrive\\Desktop\\Lambda projects\\Labs\\social-media-strategy-be\\api\\server.js": {"path":"C:\\Users\\Jrive\\Desktop\\Lambda projects\\Labs\\social-media-strategy-be\\api\\server.js","statementMap":{"0":{"start":{"line":1,"column":16},"end":{"line":1,"column":34}},"1":{"start":{"line":2,"column":15},"end":{"line":2,"column":24}},"2":{"start":{"line":3,"column":15},"end":{"line":3,"column":32}},"3":{"start":{"line":4,"column":15},"end":{"line":4,"column":32}},"4":{"start":{"line":5,"column":13},"end":{"line":5,"column":28}},"5":{"start":{"line":7,"column":18},"end":{"line":7,"column":46}},"6":{"start":{"line":25,"column":0},"end":{"line":25,"column":19}},"7":{"start":{"line":27,"column":0},"end":{"line":27,"column":27}},"8":{"start":{"line":28,"column":0},"end":{"line":28,"column":31}},"9":{"start":{"line":29,"column":0},"end":{"line":29,"column":21}},"10":{"start":{"line":31,"column":0},"end":{"line":33,"column":3}},"11":{"start":{"line":32,"column":2},"end":{"line":32,"column":54}},"12":{"start":{"line":35,"column":0},"end":{"line":35,"column":30}},"13":{"start":{"line":37,"column":0},"end":{"line":37,"column":24}}},"fnMap":{"0":{"name":"(anonymous_0)","decl":{"start":{"line":31,"column":16},"end":{"line":31,"column":17}},"loc":{"start":{"line":31,"column":30},"end":{"line":33,"column":1}},"line":31}},"branchMap":{},"s":{"0":1,"1":1,"2":1,"3":1,"4":1,"5":1,"6":1,"7":1,"8":1,"9":1,"10":1,"11":0,"12":1,"13":1},"f":{"0":0},"b":{},"_coverageSchema":"1a1c01bbd47fc00a2c39e90264f33305004495a9","hash":"552ca2b13cf2d188f2f1d47780be7f193a365a02"}
,"C:\\Users\\Jrive\\Desktop\\Lambda projects\\Labs\\social-media-strategy-be\\api\\config\\secrets.js": {"path":"C:\\Users\\Jrive\\Desktop\\Lambda projects\\Labs\\social-media-strategy-be\\api\\config\\secrets.js","statementMap":{"0":{"start":{"line":1,"column":0},"end":{"line":3,"column":2}}},"fnMap":{},"branchMap":{"0":{"loc":{"start":{"line":2,"column":13},"end":{"line":2,"column":73}},"type":"binary-expr","locations":[{"start":{"line":2,"column":13},"end":{"line":2,"column":31}},{"start":{"line":2,"column":35},"end":{"line":2,"column":73}}],"line":2}},"s":{"0":1},"f":{},"b":{"0":[1,1]},"_coverageSchema":"1a1c01bbd47fc00a2c39e90264f33305004495a9","hash":"badb420e774856616a576ca38dee35c27b0478b8"}
,"C:\\Users\\Jrive\\Desktop\\Lambda projects\\Labs\\social-media-strategy-be\\api\\routes\\auth\\auth-route.js": {"path":"C:\\Users\\Jrive\\Desktop\\Lambda projects\\Labs\\social-media-strategy-be\\api\\routes\\auth\\auth-route.js","statementMap":{"0":{"start":{"line":1,"column":0},"end":{"line":1,"column":27}},"1":{"start":{"line":2,"column":16},"end":{"line":2,"column":34}},"2":{"start":{"line":3,"column":15},"end":{"line":3,"column":34}},"3":{"start":{"line":4,"column":12},"end":{"line":4,"column":35}},"4":{"start":{"line":5,"column":22},"end":{"line":5,"column":53}},"5":{"start":{"line":6,"column":15},"end":{"line":6,"column":31}},"6":{"start":{"line":7,"column":14},"end":{"line":7,"column":44}},"7":{"start":{"line":8,"column":12},"end":{"line":8,"column":32}},"8":{"start":{"line":9,"column":14},"end":{"line":9,"column":30}},"9":{"start":{"line":10,"column":20},"end":{"line":10,"column":43}},"10":{"start":{"line":11,"column":27},"end":{"line":11,"column":56}},"11":{"start":{"line":12,"column":19},"end":{"line":12,"column":59}},"12":{"start":{"line":13,"column":20},"end":{"line":13,"column":43}},"13":{"start":{"line":14,"column":11},"end":{"line":14,"column":26}},"14":{"start":{"line":16,"column":15},"end":{"line":19,"column":2}},"15":{"start":{"line":21,"column":17},"end":{"line":32,"column":2}},"16":{"start":{"line":34,"column":15},"end":{"line":43,"column":2}},"17":{"start":{"line":45,"column":0},"end":{"line":57,"column":3}},"18":{"start":{"line":46,"column":2},"end":{"line":56,"column":3}},"19":{"start":{"line":47,"column":15},"end":{"line":49,"column":5}},"20":{"start":{"line":51,"column":24},"end":{"line":51,"column":97}},"21":{"start":{"line":53,"column":4},"end":{"line":53,"column":38}},"22":{"start":{"line":55,"column":4},"end":{"line":55,"column":40}},"23":{"start":{"line":59,"column":0},"end":{"line":112,"column":3}},"24":{"start":{"line":60,"column":26},"end":{"line":60,"column":42}},"25":{"start":{"line":62,"column":2},"end":{"line":111,"column":3}},"26":{"start":{"line":63,"column":21},"end":{"line":65,"column":5}},"27":{"start":{"line":67,"column":24},"end":{"line":67,"column":58}},"28":{"start":{"line":70,"column":13},"end":{"line":86,"column":5}},"29":{"start":{"line":87,"column":20},"end":{"line":87,"column":22}},"30":{"start":{"line":89,"column":12},"end":{"line":94,"column":6}},"31":{"start":{"line":95,"column":12},"end":{"line":97,"column":6}},"32":{"start":{"line":98,"column":25},"end":{"line":98,"column":62}},"33":{"start":{"line":100,"column":4},"end":{"line":103,"column":7}},"34":{"start":{"line":105,"column":4},"end":{"line":110,"column":7}},"35":{"start":{"line":114,"column":0},"end":{"line":159,"column":3}},"36":{"start":{"line":115,"column":13},"end":{"line":115,"column":21}},"37":{"start":{"line":117,"column":16},"end":{"line":117,"column":43}},"38":{"start":{"line":118,"column":2},"end":{"line":158,"column":3}},"39":{"start":{"line":119,"column":4},"end":{"line":155,"column":5}},"40":{"start":{"line":120,"column":19},"end":{"line":120,"column":56}},"41":{"start":{"line":121,"column":6},"end":{"line":121,"column":30}},"42":{"start":{"line":123,"column":15},"end":{"line":139,"column":7}},"43":{"start":{"line":141,"column":6},"end":{"line":141,"column":39}},"44":{"start":{"line":142,"column":18},"end":{"line":142,"column":42}},"45":{"start":{"line":144,"column":22},"end":{"line":144,"column":75}},"46":{"start":{"line":145,"column":20},"end":{"line":145,"column":44}},"47":{"start":{"line":147,"column":6},"end":{"line":147,"column":55}},"48":{"start":{"line":149,"column":6},"end":{"line":154,"column":9}},"49":{"start":{"line":157,"column":4},"end":{"line":157,"column":54}},"50":{"start":{"line":161,"column":0},"end":{"line":187,"column":3}},"51":{"start":{"line":162,"column":28},"end":{"line":162,"column":36}},"52":{"start":{"line":164,"column":2},"end":{"line":186,"column":53}},"53":{"start":{"line":167,"column":6},"end":{"line":184,"column":7}},"54":{"start":{"line":168,"column":8},"end":{"line":181,"column":9}},"55":{"start":{"line":169,"column":24},"end":{"line":169,"column":43}},"56":{"start":{"line":170,"column":10},"end":{"line":173,"column":13}},"57":{"start":{"line":175,"column":10},"end":{"line":180,"column":13}},"58":{"start":{"line":183,"column":8},"end":{"line":183,"column":55}},"59":{"start":{"line":186,"column":18},"end":{"line":186,"column":51}},"60":{"start":{"line":190,"column":0},"end":{"line":231,"column":3}},"61":{"start":{"line":191,"column":28},"end":{"line":191,"column":36}},"62":{"start":{"line":193,"column":13},"end":{"line":193,"column":50}},"63":{"start":{"line":195,"column":2},"end":{"line":230,"column":3}},"64":{"start":{"line":196,"column":4},"end":{"line":215,"column":5}},"65":{"start":{"line":197,"column":16},"end":{"line":197,"column":60}},"66":{"start":{"line":199,"column":19},"end":{"line":199,"column":52}},"67":{"start":{"line":201,"column":6},"end":{"line":201,"column":26}},"68":{"start":{"line":203,"column":18},"end":{"line":203,"column":38}},"69":{"start":{"line":204,"column":20},"end":{"line":204,"column":57}},"70":{"start":{"line":206,"column":20},"end":{"line":206,"column":44}},"71":{"start":{"line":207,"column":6},"end":{"line":210,"column":9}},"72":{"start":{"line":212,"column":6},"end":{"line":214,"column":69}},"73":{"start":{"line":216,"column":9},"end":{"line":230,"column":3}},"74":{"start":{"line":217,"column":4},"end":{"line":227,"column":5}},"75":{"start":{"line":218,"column":20},"end":{"line":218,"column":41}},"76":{"start":{"line":219,"column":6},"end":{"line":222,"column":9}},"77":{"start":{"line":224,"column":6},"end":{"line":226,"column":69}},"78":{"start":{"line":229,"column":4},"end":{"line":229,"column":63}},"79":{"start":{"line":236,"column":18},"end":{"line":240,"column":3}},"80":{"start":{"line":241,"column":18},"end":{"line":243,"column":3}},"81":{"start":{"line":245,"column":2},"end":{"line":245,"column":47}},"82":{"start":{"line":248,"column":18},"end":{"line":252,"column":3}},"83":{"start":{"line":253,"column":18},"end":{"line":255,"column":3}},"84":{"start":{"line":257,"column":2},"end":{"line":257,"column":47}},"85":{"start":{"line":261,"column":0},"end":{"line":290,"column":3}},"86":{"start":{"line":262,"column":26},"end":{"line":262,"column":42}},"87":{"start":{"line":264,"column":11},"end":{"line":271,"column":3}},"88":{"start":{"line":275,"column":10},"end":{"line":280,"column":4}},"89":{"start":{"line":282,"column":2},"end":{"line":288,"column":5}},"90":{"start":{"line":289,"column":2},"end":{"line":289,"column":34}},"91":{"start":{"line":292,"column":0},"end":{"line":292,"column":24}}},"fnMap":{"0":{"name":"(anonymous_0)","decl":{"start":{"line":45,"column":41},"end":{"line":45,"column":42}},"loc":{"start":{"line":45,"column":67},"end":{"line":57,"column":1}},"line":45},"1":{"name":"(anonymous_1)","decl":{"start":{"line":59,"column":41},"end":{"line":59,"column":42}},"loc":{"start":{"line":59,"column":67},"end":{"line":112,"column":1}},"line":59},"2":{"name":"(anonymous_2)","decl":{"start":{"line":114,"column":25},"end":{"line":114,"column":26}},"loc":{"start":{"line":114,"column":45},"end":{"line":159,"column":1}},"line":114},"3":{"name":"(anonymous_3)","decl":{"start":{"line":161,"column":22},"end":{"line":161,"column":23}},"loc":{"start":{"line":161,"column":36},"end":{"line":187,"column":1}},"line":161},"4":{"name":"(anonymous_4)","decl":{"start":{"line":166,"column":10},"end":{"line":166,"column":11}},"loc":{"start":{"line":166,"column":18},"end":{"line":185,"column":5}},"line":166},"5":{"name":"(anonymous_5)","decl":{"start":{"line":186,"column":11},"end":{"line":186,"column":12}},"loc":{"start":{"line":186,"column":18},"end":{"line":186,"column":51}},"line":186},"6":{"name":"(anonymous_6)","decl":{"start":{"line":190,"column":23},"end":{"line":190,"column":24}},"loc":{"start":{"line":190,"column":43},"end":{"line":231,"column":1}},"line":190},"7":{"name":"generateToken","decl":{"start":{"line":235,"column":9},"end":{"line":235,"column":22}},"loc":{"start":{"line":235,"column":29},"end":{"line":246,"column":1}},"line":235},"8":{"name":"generateDSToken","decl":{"start":{"line":247,"column":9},"end":{"line":247,"column":24}},"loc":{"start":{"line":247,"column":31},"end":{"line":258,"column":1}},"line":247},"9":{"name":"(anonymous_9)","decl":{"start":{"line":261,"column":40},"end":{"line":261,"column":41}},"loc":{"start":{"line":261,"column":60},"end":{"line":290,"column":1}},"line":261},"10":{"name":"(anonymous_10)","decl":{"start":{"line":282,"column":58},"end":{"line":282,"column":59}},"loc":{"start":{"line":286,"column":4},"end":{"line":288,"column":3}},"line":286}},"branchMap":{"0":{"loc":{"start":{"line":118,"column":2},"end":{"line":158,"column":3}},"type":"if","locations":[{"start":{"line":118,"column":2},"end":{"line":158,"column":3}},{"start":{"line":118,"column":2},"end":{"line":158,"column":3}}],"line":118},"1":{"loc":{"start":{"line":167,"column":6},"end":{"line":184,"column":7}},"type":"if","locations":[{"start":{"line":167,"column":6},"end":{"line":184,"column":7}},{"start":{"line":167,"column":6},"end":{"line":184,"column":7}}],"line":167},"2":{"loc":{"start":{"line":167,"column":10},"end":{"line":167,"column":61}},"type":"binary-expr","locations":[{"start":{"line":167,"column":10},"end":{"line":167,"column":14}},{"start":{"line":167,"column":18},"end":{"line":167,"column":61}}],"line":167},"3":{"loc":{"start":{"line":195,"column":2},"end":{"line":230,"column":3}},"type":"if","locations":[{"start":{"line":195,"column":2},"end":{"line":230,"column":3}},{"start":{"line":195,"column":2},"end":{"line":230,"column":3}}],"line":195},"4":{"loc":{"start":{"line":195,"column":6},"end":{"line":195,"column":49}},"type":"binary-expr","locations":[{"start":{"line":195,"column":6},"end":{"line":195,"column":11}},{"start":{"line":195,"column":15},"end":{"line":195,"column":49}}],"line":195},"5":{"loc":{"start":{"line":216,"column":9},"end":{"line":230,"column":3}},"type":"if","locations":[{"start":{"line":216,"column":9},"end":{"line":230,"column":3}},{"start":{"line":216,"column":9},"end":{"line":230,"column":3}}],"line":216}},"s":{"0":1,"1":1,"2":1,"3":1,"4":1,"5":1,"6":1,"7":1,"8":1,"9":1,"10":1,"11":1,"12":1,"13":1,"14":1,"15":1,"16":1,"17":1,"18":0,"19":0,"20":0,"21":0,"22":0,"23":1,"24":0,"25":0,"26":0,"27":0,"28":0,"29":0,"30":0,"31":0,"32":0,"33":0,"34":0,"35":1,"36":0,"37":0,"38":0,"39":0,"40":0,"41":0,"42":0,"43":0,"44":0,"45":0,"46":0,"47":0,"48":0,"49":0,"50":1,"51":1,"52":1,"53":1,"54":1,"55":1,"56":1,"57":0,"58":0,"59":0,"60":1,"61":0,"62":0,"63":0,"64":0,"65":0,"66":0,"67":0,"68":0,"69":0,"70":0,"71":0,"72":0,"73":0,"74":0,"75":0,"76":0,"77":0,"78":0,"79":1,"80":1,"81":1,"82":0,"83":0,"84":0,"85":1,"86":0,"87":0,"88":0,"89":0,"90":0,"91":1},"f":{"0":0,"1":0,"2":0,"3":1,"4":1,"5":0,"6":0,"7":1,"8":0,"9":0,"10":0},"b":{"0":[0,0],"1":[1,0],"2":[1,1],"3":[0,0],"4":[0,0],"5":[0,0]},"_coverageSchema":"1a1c01bbd47fc00a2c39e90264f33305004495a9","hash":"d67a7d4d16fb6d1d76b825e9f1801183fc8911c7"}
,"C:\\Users\\Jrive\\Desktop\\Lambda projects\\Labs\\social-media-strategy-be\\api\\routes\\auth\\middleware.js": {"path":"C:\\Users\\Jrive\\Desktop\\Lambda projects\\Labs\\social-media-strategy-be\\api\\routes\\auth\\middleware.js","statementMap":{"0":{"start":{"line":1,"column":14},"end":{"line":1,"column":54}},"1":{"start":{"line":2,"column":0},"end":{"line":2,"column":36}},"2":{"start":{"line":5,"column":17},"end":{"line":5,"column":27}},"3":{"start":{"line":6,"column":2},"end":{"line":12,"column":53}},"4":{"start":{"line":8,"column":6},"end":{"line":10,"column":59}},"5":{"start":{"line":12,"column":18},"end":{"line":12,"column":51}}},"fnMap":{"0":{"name":"validateuserid","decl":{"start":{"line":4,"column":9},"end":{"line":4,"column":23}},"loc":{"start":{"line":4,"column":40},"end":{"line":13,"column":1}},"line":4},"1":{"name":"(anonymous_1)","decl":{"start":{"line":7,"column":10},"end":{"line":7,"column":11}},"loc":{"start":{"line":8,"column":6},"end":{"line":10,"column":59}},"line":8},"2":{"name":"(anonymous_2)","decl":{"start":{"line":12,"column":11},"end":{"line":12,"column":12}},"loc":{"start":{"line":12,"column":18},"end":{"line":12,"column":51}},"line":12}},"branchMap":{"0":{"loc":{"start":{"line":8,"column":6},"end":{"line":10,"column":59}},"type":"cond-expr","locations":[{"start":{"line":9,"column":10},"end":{"line":9,"column":50}},{"start":{"line":10,"column":10},"end":{"line":10,"column":59}}],"line":8}},"s":{"0":1,"1":1,"2":0,"3":0,"4":0,"5":0},"f":{"0":0,"1":0,"2":0},"b":{"0":[0,0]},"_coverageSchema":"1a1c01bbd47fc00a2c39e90264f33305004495a9","hash":"e9958ec590171d07085910bf20c94fd0eb012e65"}
,"C:\\Users\\Jrive\\Desktop\\Lambda projects\\Labs\\social-media-strategy-be\\api\\routes\\auth\\restricted-middleware.js": {"path":"C:\\Users\\Jrive\\Desktop\\Lambda projects\\Labs\\social-media-strategy-be\\api\\routes\\auth\\restricted-middleware.js","statementMap":{"0":{"start":{"line":1,"column":12},"end":{"line":1,"column":35}},"1":{"start":{"line":2,"column":22},"end":{"line":2,"column":53}},"2":{"start":{"line":4,"column":0},"end":{"line":20,"column":2}},"3":{"start":{"line":5,"column":28},"end":{"line":5,"column":39}},"4":{"start":{"line":7,"column":2},"end":{"line":19,"column":3}},"5":{"start":{"line":8,"column":4},"end":{"line":16,"column":7}},"6":{"start":{"line":9,"column":6},"end":{"line":15,"column":7}},"7":{"start":{"line":10,"column":8},"end":{"line":10,"column":65}},"8":{"start":{"line":12,"column":8},"end":{"line":12,"column":40}},"9":{"start":{"line":14,"column":8},"end":{"line":14,"column":15}},"10":{"start":{"line":18,"column":4},"end":{"line":18,"column":65}}},"fnMap":{"0":{"name":"(anonymous_0)","decl":{"start":{"line":4,"column":17},"end":{"line":4,"column":18}},"loc":{"start":{"line":4,"column":37},"end":{"line":20,"column":1}},"line":4},"1":{"name":"(anonymous_1)","decl":{"start":{"line":8,"column":41},"end":{"line":8,"column":42}},"loc":{"start":{"line":8,"column":64},"end":{"line":16,"column":5}},"line":8}},"branchMap":{"0":{"loc":{"start":{"line":7,"column":2},"end":{"line":19,"column":3}},"type":"if","locations":[{"start":{"line":7,"column":2},"end":{"line":19,"column":3}},{"start":{"line":7,"column":2},"end":{"line":19,"column":3}}],"line":7},"1":{"loc":{"start":{"line":9,"column":6},"end":{"line":15,"column":7}},"type":"if","locations":[{"start":{"line":9,"column":6},"end":{"line":15,"column":7}},{"start":{"line":9,"column":6},"end":{"line":15,"column":7}}],"line":9}},"s":{"0":1,"1":1,"2":1,"3":4,"4":4,"5":3,"6":3,"7":0,"8":3,"9":3,"10":1},"f":{"0":4,"1":3},"b":{"0":[3,1],"1":[0,3]},"_coverageSchema":"1a1c01bbd47fc00a2c39e90264f33305004495a9","hash":"81a3dd7744836adab3af1796120db51924161015"}
,"C:\\Users\\Jrive\\Desktop\\Lambda projects\\Labs\\social-media-strategy-be\\api\\routes\\platforms\\platforms-model.js": {"path":"C:\\Users\\Jrive\\Desktop\\Lambda projects\\Labs\\social-media-strategy-be\\api\\routes\\platforms\\platforms-model.js","statementMap":{"0":{"start":{"line":1,"column":11},"end":{"line":1,"column":45}},"1":{"start":{"line":3,"column":0},"end":{"line":3,"column":42}},"2":{"start":{"line":7,"column":20},"end":{"line":7,"column":35}},"3":{"start":{"line":8,"column":4},"end":{"line":12,"column":5}},"4":{"start":{"line":9,"column":8},"end":{"line":9,"column":38}},"5":{"start":{"line":11,"column":8},"end":{"line":11,"column":24}},"6":{"start":{"line":16,"column":4},"end":{"line":16,"column":44}},"7":{"start":{"line":18,"column":4},"end":{"line":18,"column":35}},"8":{"start":{"line":22,"column":4},"end":{"line":22,"column":64}},"9":{"start":{"line":22,"column":57},"end":{"line":22,"column":63}},"10":{"start":{"line":27,"column":4},"end":{"line":30,"column":58}},"11":{"start":{"line":30,"column":24},"end":{"line":30,"column":55}}},"fnMap":{"0":{"name":"find","decl":{"start":{"line":5,"column":9},"end":{"line":5,"column":13}},"loc":{"start":{"line":5,"column":21},"end":{"line":13,"column":1}},"line":5},"1":{"name":"add","decl":{"start":{"line":15,"column":15},"end":{"line":15,"column":18}},"loc":{"start":{"line":15,"column":29},"end":{"line":19,"column":1}},"line":15},"2":{"name":"remove","decl":{"start":{"line":21,"column":9},"end":{"line":21,"column":15}},"loc":{"start":{"line":21,"column":19},"end":{"line":23,"column":1}},"line":21},"3":{"name":"(anonymous_3)","decl":{"start":{"line":22,"column":50},"end":{"line":22,"column":51}},"loc":{"start":{"line":22,"column":57},"end":{"line":22,"column":63}},"line":22},"4":{"name":"update","decl":{"start":{"line":26,"column":9},"end":{"line":26,"column":15}},"loc":{"start":{"line":26,"column":30},"end":{"line":31,"column":3}},"line":26},"5":{"name":"(anonymous_5)","decl":{"start":{"line":30,"column":12},"end":{"line":30,"column":13}},"loc":{"start":{"line":30,"column":24},"end":{"line":30,"column":55}},"line":30}},"branchMap":{"0":{"loc":{"start":{"line":8,"column":4},"end":{"line":12,"column":5}},"type":"if","locations":[{"start":{"line":8,"column":4},"end":{"line":12,"column":5}},{"start":{"line":8,"column":4},"end":{"line":12,"column":5}}],"line":8},"1":{"loc":{"start":{"line":30,"column":24},"end":{"line":30,"column":55}},"type":"cond-expr","locations":[{"start":{"line":30,"column":38},"end":{"line":30,"column":48}},{"start":{"line":30,"column":51},"end":{"line":30,"column":55}}],"line":30}},"s":{"0":1,"1":1,"2":0,"3":0,"4":0,"5":0,"6":0,"7":0,"8":0,"9":0,"10":0,"11":0},"f":{"0":0,"1":0,"2":0,"3":0,"4":0,"5":0},"b":{"0":[0,0],"1":[0,0]},"_coverageSchema":"1a1c01bbd47fc00a2c39e90264f33305004495a9","hash":"4b80b8f594f2af24031fa84d7bf025eee0ce1622"}
,"C:\\Users\\Jrive\\Desktop\\Lambda projects\\Labs\\social-media-strategy-be\\api\\routes\\platforms\\platforms-router.js": {"path":"C:\\Users\\Jrive\\Desktop\\Lambda projects\\Labs\\social-media-strategy-be\\api\\routes\\platforms\\platforms-router.js","statementMap":{"0":{"start":{"line":1,"column":16},"end":{"line":1,"column":34}},"1":{"start":{"line":2,"column":18},"end":{"line":2,"column":49}},"2":{"start":{"line":3,"column":12},"end":{"line":3,"column":32}},"3":{"start":{"line":4,"column":15},"end":{"line":4,"column":31}},"4":{"start":{"line":6,"column":15},"end":{"line":9,"column":2}},"5":{"start":{"line":11,"column":0},"end":{"line":22,"column":3}},"6":{"start":{"line":12,"column":2},"end":{"line":21,"column":7}},"7":{"start":{"line":14,"column":6},"end":{"line":14,"column":59}},"8":{"start":{"line":17,"column":6},"end":{"line":20,"column":9}},"9":{"start":{"line":24,"column":0},"end":{"line":37,"column":3}},"10":{"start":{"line":25,"column":17},"end":{"line":25,"column":27}},"11":{"start":{"line":27,"column":2},"end":{"line":36,"column":7}},"12":{"start":{"line":29,"column":6},"end":{"line":29,"column":72}},"13":{"start":{"line":32,"column":6},"end":{"line":35,"column":9}},"14":{"start":{"line":39,"column":0},"end":{"line":52,"column":3}},"15":{"start":{"line":40,"column":17},"end":{"line":40,"column":27}},"16":{"start":{"line":42,"column":2},"end":{"line":51,"column":7}},"17":{"start":{"line":44,"column":6},"end":{"line":44,"column":72}},"18":{"start":{"line":47,"column":6},"end":{"line":50,"column":9}},"19":{"start":{"line":54,"column":0},"end":{"line":74,"column":3}},"20":{"start":{"line":55,"column":17},"end":{"line":55,"column":27}},"21":{"start":{"line":56,"column":23},"end":{"line":56,"column":51}},"22":{"start":{"line":57,"column":2},"end":{"line":73,"column":3}},"23":{"start":{"line":58,"column":4},"end":{"line":58,"column":62}},"24":{"start":{"line":60,"column":4},"end":{"line":72,"column":9}},"25":{"start":{"line":62,"column":8},"end":{"line":62,"column":60}},"26":{"start":{"line":65,"column":8},"end":{"line":65,"column":39}},"27":{"start":{"line":66,"column":8},"end":{"line":71,"column":11}},"28":{"start":{"line":76,"column":0},"end":{"line":90,"column":3}},"29":{"start":{"line":77,"column":17},"end":{"line":77,"column":27}},"30":{"start":{"line":78,"column":17},"end":{"line":78,"column":25}},"31":{"start":{"line":80,"column":2},"end":{"line":89,"column":7}},"32":{"start":{"line":82,"column":6},"end":{"line":82,"column":60}},"33":{"start":{"line":86,"column":6},"end":{"line":88,"column":77}},"34":{"start":{"line":92,"column":0},"end":{"line":104,"column":3}},"35":{"start":{"line":93,"column":17},"end":{"line":93,"column":27}},"36":{"start":{"line":95,"column":2},"end":{"line":103,"column":7}},"37":{"start":{"line":97,"column":6},"end":{"line":97,"column":70}},"38":{"start":{"line":100,"column":6},"end":{"line":102,"column":77}},"39":{"start":{"line":106,"column":0},"end":{"line":106,"column":24}}},"fnMap":{"0":{"name":"(anonymous_0)","decl":{"start":{"line":11,"column":16},"end":{"line":11,"column":17}},"loc":{"start":{"line":11,"column":30},"end":{"line":22,"column":1}},"line":11},"1":{"name":"(anonymous_1)","decl":{"start":{"line":13,"column":10},"end":{"line":13,"column":11}},"loc":{"start":{"line":13,"column":23},"end":{"line":15,"column":5}},"line":13},"2":{"name":"(anonymous_2)","decl":{"start":{"line":16,"column":11},"end":{"line":16,"column":12}},"loc":{"start":{"line":16,"column":18},"end":{"line":21,"column":5}},"line":16},"3":{"name":"(anonymous_3)","decl":{"start":{"line":24,"column":19},"end":{"line":24,"column":20}},"loc":{"start":{"line":24,"column":33},"end":{"line":37,"column":1}},"line":24},"4":{"name":"(anonymous_4)","decl":{"start":{"line":28,"column":10},"end":{"line":28,"column":11}},"loc":{"start":{"line":28,"column":23},"end":{"line":30,"column":5}},"line":28},"5":{"name":"(anonymous_5)","decl":{"start":{"line":31,"column":11},"end":{"line":31,"column":12}},"loc":{"start":{"line":31,"column":18},"end":{"line":36,"column":5}},"line":31},"6":{"name":"(anonymous_6)","decl":{"start":{"line":39,"column":24},"end":{"line":39,"column":25}},"loc":{"start":{"line":39,"column":38},"end":{"line":52,"column":1}},"line":39},"7":{"name":"(anonymous_7)","decl":{"start":{"line":43,"column":10},"end":{"line":43,"column":11}},"loc":{"start":{"line":43,"column":23},"end":{"line":45,"column":5}},"line":43},"8":{"name":"(anonymous_8)","decl":{"start":{"line":46,"column":11},"end":{"line":46,"column":12}},"loc":{"start":{"line":46,"column":18},"end":{"line":51,"column":5}},"line":46},"9":{"name":"(anonymous_9)","decl":{"start":{"line":54,"column":25},"end":{"line":54,"column":26}},"loc":{"start":{"line":54,"column":39},"end":{"line":74,"column":1}},"line":54},"10":{"name":"(anonymous_10)","decl":{"start":{"line":61,"column":12},"end":{"line":61,"column":13}},"loc":{"start":{"line":61,"column":21},"end":{"line":63,"column":7}},"line":61},"11":{"name":"(anonymous_11)","decl":{"start":{"line":64,"column":13},"end":{"line":64,"column":14}},"loc":{"start":{"line":64,"column":20},"end":{"line":72,"column":7}},"line":64},"12":{"name":"(anonymous_12)","decl":{"start":{"line":76,"column":19},"end":{"line":76,"column":20}},"loc":{"start":{"line":76,"column":33},"end":{"line":90,"column":1}},"line":76},"13":{"name":"(anonymous_13)","decl":{"start":{"line":81,"column":10},"end":{"line":81,"column":11}},"loc":{"start":{"line":81,"column":19},"end":{"line":83,"column":5}},"line":81},"14":{"name":"(anonymous_14)","decl":{"start":{"line":84,"column":11},"end":{"line":84,"column":12}},"loc":{"start":{"line":84,"column":18},"end":{"line":89,"column":5}},"line":84},"15":{"name":"(anonymous_15)","decl":{"start":{"line":92,"column":22},"end":{"line":92,"column":23}},"loc":{"start":{"line":92,"column":36},"end":{"line":104,"column":1}},"line":92},"16":{"name":"(anonymous_16)","decl":{"start":{"line":96,"column":10},"end":{"line":96,"column":11}},"loc":{"start":{"line":96,"column":22},"end":{"line":98,"column":5}},"line":96},"17":{"name":"(anonymous_17)","decl":{"start":{"line":99,"column":11},"end":{"line":99,"column":12}},"loc":{"start":{"line":99,"column":18},"end":{"line":103,"column":5}},"line":99}},"branchMap":{"0":{"loc":{"start":{"line":57,"column":2},"end":{"line":73,"column":3}},"type":"if","locations":[{"start":{"line":57,"column":2},"end":{"line":73,"column":3}},{"start":{"line":57,"column":2},"end":{"line":73,"column":3}}],"line":57},"1":{"loc":{"start":{"line":57,"column":6},"end":{"line":57,"column":83}},"type":"binary-expr","locations":[{"start":{"line":57,"column":6},"end":{"line":57,"column":44}},{"start":{"line":57,"column":48},"end":{"line":57,"column":83}}],"line":57}},"s":{"0":1,"1":1,"2":1,"3":1,"4":1,"5":1,"6":0,"7":0,"8":0,"9":1,"10":0,"11":0,"12":0,"13":0,"14":1,"15":0,"16":0,"17":0,"18":0,"19":1,"20":0,"21":0,"22":0,"23":0,"24":0,"25":0,"26":0,"27":0,"28":1,"29":0,"30":0,"31":0,"32":0,"33":0,"34":1,"35":0,"36":0,"37":0,"38":0,"39":1},"f":{"0":0,"1":0,"2":0,"3":0,"4":0,"5":0,"6":0,"7":0,"8":0,"9":0,"10":0,"11":0,"12":0,"13":0,"14":0,"15":0,"16":0,"17":0},"b":{"0":[0,0],"1":[0,0]},"_coverageSchema":"1a1c01bbd47fc00a2c39e90264f33305004495a9","hash":"588e6b67568483dd5f615ab193c2b7fd1926d8eb"}
,"C:\\Users\\Jrive\\Desktop\\Lambda projects\\Labs\\social-media-strategy-be\\api\\routes\\posts\\posts-model.js": {"path":"C:\\Users\\Jrive\\Desktop\\Lambda projects\\Labs\\social-media-strategy-be\\api\\routes\\posts\\posts-model.js","statementMap":{"0":{"start":{"line":1,"column":11},"end":{"line":1,"column":45}},"1":{"start":{"line":3,"column":0},"end":{"line":3,"column":47}},"2":{"start":{"line":6,"column":14},"end":{"line":6,"column":25}},"3":{"start":{"line":7,"column":2},"end":{"line":11,"column":3}},"4":{"start":{"line":8,"column":4},"end":{"line":8,"column":31}},"5":{"start":{"line":10,"column":4},"end":{"line":10,"column":17}},"6":{"start":{"line":15,"column":2},"end":{"line":15,"column":33}},"7":{"start":{"line":17,"column":2},"end":{"line":17,"column":28}},"8":{"start":{"line":21,"column":2},"end":{"line":24,"column":25}},"9":{"start":{"line":24,"column":17},"end":{"line":24,"column":23}},"10":{"start":{"line":28,"column":2},"end":{"line":31,"column":58}},"11":{"start":{"line":31,"column":22},"end":{"line":31,"column":55}}},"fnMap":{"0":{"name":"find","decl":{"start":{"line":5,"column":9},"end":{"line":5,"column":13}},"loc":{"start":{"line":5,"column":22},"end":{"line":12,"column":1}},"line":5},"1":{"name":"add","decl":{"start":{"line":14,"column":15},"end":{"line":14,"column":18}},"loc":{"start":{"line":14,"column":25},"end":{"line":18,"column":1}},"line":14},"2":{"name":"remove","decl":{"start":{"line":20,"column":9},"end":{"line":20,"column":15}},"loc":{"start":{"line":20,"column":20},"end":{"line":25,"column":1}},"line":20},"3":{"name":"(anonymous_3)","decl":{"start":{"line":24,"column":10},"end":{"line":24,"column":11}},"loc":{"start":{"line":24,"column":17},"end":{"line":24,"column":23}},"line":24},"4":{"name":"update","decl":{"start":{"line":27,"column":9},"end":{"line":27,"column":15}},"loc":{"start":{"line":27,"column":26},"end":{"line":32,"column":1}},"line":27},"5":{"name":"(anonymous_5)","decl":{"start":{"line":31,"column":10},"end":{"line":31,"column":11}},"loc":{"start":{"line":31,"column":22},"end":{"line":31,"column":55}},"line":31}},"branchMap":{"0":{"loc":{"start":{"line":7,"column":2},"end":{"line":11,"column":3}},"type":"if","locations":[{"start":{"line":7,"column":2},"end":{"line":11,"column":3}},{"start":{"line":7,"column":2},"end":{"line":11,"column":3}}],"line":7},"1":{"loc":{"start":{"line":31,"column":22},"end":{"line":31,"column":55}},"type":"cond-expr","locations":[{"start":{"line":31,"column":36},"end":{"line":31,"column":48}},{"start":{"line":31,"column":51},"end":{"line":31,"column":55}}],"line":31}},"s":{"0":1,"1":1,"2":0,"3":0,"4":0,"5":0,"6":0,"7":0,"8":0,"9":0,"10":0,"11":0},"f":{"0":0,"1":0,"2":0,"3":0,"4":0,"5":0},"b":{"0":[0,0],"1":[0,0]},"_coverageSchema":"1a1c01bbd47fc00a2c39e90264f33305004495a9","hash":"712d75504a998a434f6461c9f5e1c523cec7e2b0"}
,"C:\\Users\\Jrive\\Desktop\\Lambda projects\\Labs\\social-media-strategy-be\\api\\routes\\posts\\posts-router.js": {"path":"C:\\Users\\Jrive\\Desktop\\Lambda projects\\Labs\\social-media-strategy-be\\api\\routes\\posts\\posts-router.js","statementMap":{"0":{"start":{"line":1,"column":16},"end":{"line":1,"column":34}},"1":{"start":{"line":2,"column":14},"end":{"line":2,"column":41}},"2":{"start":{"line":3,"column":12},"end":{"line":3,"column":32}},"3":{"start":{"line":4,"column":15},"end":{"line":4,"column":31}},"4":{"start":{"line":5,"column":14},"end":{"line":5,"column":30}},"5":{"start":{"line":6,"column":17},"end":{"line":6,"column":46}},"6":{"start":{"line":8,"column":15},"end":{"line":14,"column":2}},"7":{"start":{"line":16,"column":0},"end":{"line":27,"column":3}},"8":{"start":{"line":17,"column":2},"end":{"line":26,"column":7}},"9":{"start":{"line":19,"column":6},"end":{"line":19,"column":51}},"10":{"start":{"line":22,"column":6},"end":{"line":25,"column":9}},"11":{"start":{"line":29,"column":0},"end":{"line":42,"column":3}},"12":{"start":{"line":30,"column":17},"end":{"line":30,"column":27}},"13":{"start":{"line":32,"column":2},"end":{"line":41,"column":7}},"14":{"start":{"line":34,"column":6},"end":{"line":34,"column":64}},"15":{"start":{"line":37,"column":6},"end":{"line":40,"column":9}},"16":{"start":{"line":44,"column":0},"end":{"line":57,"column":3}},"17":{"start":{"line":45,"column":17},"end":{"line":45,"column":27}},"18":{"start":{"line":47,"column":2},"end":{"line":56,"column":7}},"19":{"start":{"line":49,"column":6},"end":{"line":49,"column":64}},"20":{"start":{"line":52,"column":6},"end":{"line":55,"column":9}},"21":{"start":{"line":59,"column":0},"end":{"line":84,"column":3}},"22":{"start":{"line":61,"column":17},"end":{"line":61,"column":27}},"23":{"start":{"line":62,"column":19},"end":{"line":62,"column":47}},"24":{"start":{"line":63,"column":2},"end":{"line":83,"column":3}},"25":{"start":{"line":64,"column":4},"end":{"line":64,"column":58}},"26":{"start":{"line":66,"column":4},"end":{"line":82,"column":5}},"27":{"start":{"line":67,"column":17},"end":{"line":67,"column":42}},"28":{"start":{"line":68,"column":15},"end":{"line":71,"column":7}},"29":{"start":{"line":73,"column":6},"end":{"line":73,"column":49}},"30":{"start":{"line":74,"column":6},"end":{"line":74,"column":40}},"31":{"start":{"line":76,"column":6},"end":{"line":81,"column":9}},"32":{"start":{"line":88,"column":0},"end":{"line":102,"column":3}},"33":{"start":{"line":89,"column":17},"end":{"line":89,"column":27}},"34":{"start":{"line":90,"column":17},"end":{"line":90,"column":25}},"35":{"start":{"line":92,"column":2},"end":{"line":101,"column":7}},"36":{"start":{"line":94,"column":6},"end":{"line":94,"column":56}},"37":{"start":{"line":98,"column":6},"end":{"line":100,"column":73}},"38":{"start":{"line":104,"column":0},"end":{"line":116,"column":3}},"39":{"start":{"line":105,"column":17},"end":{"line":105,"column":27}},"40":{"start":{"line":107,"column":2},"end":{"line":115,"column":7}},"41":{"start":{"line":109,"column":6},"end":{"line":109,"column":66}},"42":{"start":{"line":112,"column":6},"end":{"line":114,"column":73}},"43":{"start":{"line":118,"column":0},"end":{"line":118,"column":24}}},"fnMap":{"0":{"name":"(anonymous_0)","decl":{"start":{"line":16,"column":16},"end":{"line":16,"column":17}},"loc":{"start":{"line":16,"column":30},"end":{"line":27,"column":1}},"line":16},"1":{"name":"(anonymous_1)","decl":{"start":{"line":18,"column":10},"end":{"line":18,"column":11}},"loc":{"start":{"line":18,"column":19},"end":{"line":20,"column":5}},"line":18},"2":{"name":"(anonymous_2)","decl":{"start":{"line":21,"column":11},"end":{"line":21,"column":12}},"loc":{"start":{"line":21,"column":18},"end":{"line":26,"column":5}},"line":21},"3":{"name":"(anonymous_3)","decl":{"start":{"line":29,"column":19},"end":{"line":29,"column":20}},"loc":{"start":{"line":29,"column":33},"end":{"line":42,"column":1}},"line":29},"4":{"name":"(anonymous_4)","decl":{"start":{"line":33,"column":10},"end":{"line":33,"column":11}},"loc":{"start":{"line":33,"column":19},"end":{"line":35,"column":5}},"line":33},"5":{"name":"(anonymous_5)","decl":{"start":{"line":36,"column":11},"end":{"line":36,"column":12}},"loc":{"start":{"line":36,"column":18},"end":{"line":41,"column":5}},"line":36},"6":{"name":"(anonymous_6)","decl":{"start":{"line":44,"column":24},"end":{"line":44,"column":25}},"loc":{"start":{"line":44,"column":38},"end":{"line":57,"column":1}},"line":44},"7":{"name":"(anonymous_7)","decl":{"start":{"line":48,"column":10},"end":{"line":48,"column":11}},"loc":{"start":{"line":48,"column":19},"end":{"line":50,"column":5}},"line":48},"8":{"name":"(anonymous_8)","decl":{"start":{"line":51,"column":11},"end":{"line":51,"column":12}},"loc":{"start":{"line":51,"column":18},"end":{"line":56,"column":5}},"line":51},"9":{"name":"(anonymous_9)","decl":{"start":{"line":59,"column":50},"end":{"line":59,"column":51}},"loc":{"start":{"line":59,"column":70},"end":{"line":84,"column":1}},"line":59},"10":{"name":"(anonymous_10)","decl":{"start":{"line":88,"column":19},"end":{"line":88,"column":20}},"loc":{"start":{"line":88,"column":33},"end":{"line":102,"column":1}},"line":88},"11":{"name":"(anonymous_11)","decl":{"start":{"line":93,"column":10},"end":{"line":93,"column":11}},"loc":{"start":{"line":93,"column":19},"end":{"line":95,"column":5}},"line":93},"12":{"name":"(anonymous_12)","decl":{"start":{"line":96,"column":11},"end":{"line":96,"column":12}},"loc":{"start":{"line":96,"column":18},"end":{"line":101,"column":5}},"line":96},"13":{"name":"(anonymous_13)","decl":{"start":{"line":104,"column":22},"end":{"line":104,"column":23}},"loc":{"start":{"line":104,"column":36},"end":{"line":116,"column":1}},"line":104},"14":{"name":"(anonymous_14)","decl":{"start":{"line":108,"column":10},"end":{"line":108,"column":11}},"loc":{"start":{"line":108,"column":22},"end":{"line":110,"column":5}},"line":108},"15":{"name":"(anonymous_15)","decl":{"start":{"line":111,"column":11},"end":{"line":111,"column":12}},"loc":{"start":{"line":111,"column":18},"end":{"line":115,"column":5}},"line":111}},"branchMap":{"0":{"loc":{"start":{"line":63,"column":2},"end":{"line":83,"column":3}},"type":"if","locations":[{"start":{"line":63,"column":2},"end":{"line":83,"column":3}},{"start":{"line":63,"column":2},"end":{"line":83,"column":3}}],"line":63},"1":{"loc":{"start":{"line":63,"column":6},"end":{"line":63,"column":75}},"type":"binary-expr","locations":[{"start":{"line":63,"column":6},"end":{"line":63,"column":40}},{"start":{"line":63,"column":44},"end":{"line":63,"column":75}}],"line":63}},"s":{"0":1,"1":1,"2":1,"3":1,"4":1,"5":1,"6":1,"7":1,"8":0,"9":0,"10":0,"11":1,"12":0,"13":0,"14":0,"15":0,"16":1,"17":0,"18":0,"19":0,"20":0,"21":1,"22":0,"23":0,"24":0,"25":0,"26":0,"27":0,"28":0,"29":0,"30":0,"31":0,"32":1,"33":0,"34":0,"35":0,"36":0,"37":0,"38":1,"39":0,"40":0,"41":0,"42":0,"43":1},"f":{"0":0,"1":0,"2":0,"3":0,"4":0,"5":0,"6":0,"7":0,"8":0,"9":0,"10":0,"11":0,"12":0,"13":0,"14":0,"15":0},"b":{"0":[0,0],"1":[0,0]},"_coverageSchema":"1a1c01bbd47fc00a2c39e90264f33305004495a9","hash":"7c66d6e0e98b6ecacf04666c779166aef3fd8236"}
,"C:\\Users\\Jrive\\Desktop\\Lambda projects\\Labs\\social-media-strategy-be\\api\\routes\\topics\\topics-model.js": {"path":"C:\\Users\\Jrive\\Desktop\\Lambda projects\\Labs\\social-media-strategy-be\\api\\routes\\topics\\topics-model.js","statementMap":{"0":{"start":{"line":1,"column":11},"end":{"line":1,"column":45}},"1":{"start":{"line":3,"column":0},"end":{"line":3,"column":42}},"2":{"start":{"line":7,"column":17},"end":{"line":7,"column":29}},"3":{"start":{"line":8,"column":4},"end":{"line":12,"column":5}},"4":{"start":{"line":9,"column":8},"end":{"line":9,"column":35}},"5":{"start":{"line":11,"column":8},"end":{"line":11,"column":21}},"6":{"start":{"line":16,"column":4},"end":{"line":16,"column":38}},"7":{"start":{"line":18,"column":4},"end":{"line":18,"column":32}},"8":{"start":{"line":22,"column":4},"end":{"line":22,"column":61}},"9":{"start":{"line":22,"column":54},"end":{"line":22,"column":60}},"10":{"start":{"line":27,"column":4},"end":{"line":30,"column":58}},"11":{"start":{"line":30,"column":24},"end":{"line":30,"column":55}}},"fnMap":{"0":{"name":"find","decl":{"start":{"line":5,"column":9},"end":{"line":5,"column":13}},"loc":{"start":{"line":5,"column":21},"end":{"line":13,"column":1}},"line":5},"1":{"name":"add","decl":{"start":{"line":15,"column":15},"end":{"line":15,"column":18}},"loc":{"start":{"line":15,"column":26},"end":{"line":19,"column":1}},"line":15},"2":{"name":"remove","decl":{"start":{"line":21,"column":9},"end":{"line":21,"column":15}},"loc":{"start":{"line":21,"column":19},"end":{"line":23,"column":1}},"line":21},"3":{"name":"(anonymous_3)","decl":{"start":{"line":22,"column":47},"end":{"line":22,"column":48}},"loc":{"start":{"line":22,"column":54},"end":{"line":22,"column":60}},"line":22},"4":{"name":"update","decl":{"start":{"line":26,"column":9},"end":{"line":26,"column":15}},"loc":{"start":{"line":26,"column":27},"end":{"line":31,"column":3}},"line":26},"5":{"name":"(anonymous_5)","decl":{"start":{"line":30,"column":12},"end":{"line":30,"column":13}},"loc":{"start":{"line":30,"column":24},"end":{"line":30,"column":55}},"line":30}},"branchMap":{"0":{"loc":{"start":{"line":8,"column":4},"end":{"line":12,"column":5}},"type":"if","locations":[{"start":{"line":8,"column":4},"end":{"line":12,"column":5}},{"start":{"line":8,"column":4},"end":{"line":12,"column":5}}],"line":8},"1":{"loc":{"start":{"line":30,"column":24},"end":{"line":30,"column":55}},"type":"cond-expr","locations":[{"start":{"line":30,"column":38},"end":{"line":30,"column":48}},{"start":{"line":30,"column":51},"end":{"line":30,"column":55}}],"line":30}},"s":{"0":1,"1":1,"2":0,"3":0,"4":0,"5":0,"6":0,"7":0,"8":0,"9":0,"10":0,"11":0},"f":{"0":0,"1":0,"2":0,"3":0,"4":0,"5":0},"b":{"0":[0,0],"1":[0,0]},"_coverageSchema":"1a1c01bbd47fc00a2c39e90264f33305004495a9","hash":"4819f423442b2c052829876ead1e0603054c4bb1"}
,"C:\\Users\\Jrive\\Desktop\\Lambda projects\\Labs\\social-media-strategy-be\\api\\routes\\topics\\topics-router.js": {"path":"C:\\Users\\Jrive\\Desktop\\Lambda projects\\Labs\\social-media-strategy-be\\api\\routes\\topics\\topics-router.js","statementMap":{"0":{"start":{"line":1,"column":16},"end":{"line":1,"column":34}},"1":{"start":{"line":2,"column":15},"end":{"line":2,"column":43}},"2":{"start":{"line":3,"column":12},"end":{"line":3,"column":32}},"3":{"start":{"line":4,"column":15},"end":{"line":4,"column":31}},"4":{"start":{"line":6,"column":15},"end":{"line":9,"column":2}},"5":{"start":{"line":11,"column":0},"end":{"line":22,"column":3}},"6":{"start":{"line":12,"column":2},"end":{"line":21,"column":7}},"7":{"start":{"line":14,"column":6},"end":{"line":14,"column":53}},"8":{"start":{"line":17,"column":6},"end":{"line":20,"column":9}},"9":{"start":{"line":24,"column":0},"end":{"line":37,"column":3}},"10":{"start":{"line":25,"column":17},"end":{"line":25,"column":27}},"11":{"start":{"line":27,"column":2},"end":{"line":36,"column":7}},"12":{"start":{"line":29,"column":6},"end":{"line":29,"column":66}},"13":{"start":{"line":32,"column":6},"end":{"line":35,"column":9}},"14":{"start":{"line":39,"column":0},"end":{"line":52,"column":3}},"15":{"start":{"line":40,"column":17},"end":{"line":40,"column":27}},"16":{"start":{"line":42,"column":2},"end":{"line":51,"column":7}},"17":{"start":{"line":44,"column":6},"end":{"line":44,"column":66}},"18":{"start":{"line":47,"column":6},"end":{"line":50,"column":9}},"19":{"start":{"line":54,"column":0},"end":{"line":74,"column":3}},"20":{"start":{"line":55,"column":17},"end":{"line":55,"column":27}},"21":{"start":{"line":56,"column":20},"end":{"line":56,"column":48}},"22":{"start":{"line":57,"column":2},"end":{"line":73,"column":3}},"23":{"start":{"line":58,"column":4},"end":{"line":58,"column":59}},"24":{"start":{"line":60,"column":4},"end":{"line":72,"column":9}},"25":{"start":{"line":62,"column":8},"end":{"line":62,"column":57}},"26":{"start":{"line":65,"column":8},"end":{"line":65,"column":36}},"27":{"start":{"line":66,"column":8},"end":{"line":71,"column":11}},"28":{"start":{"line":76,"column":0},"end":{"line":90,"column":3}},"29":{"start":{"line":77,"column":17},"end":{"line":77,"column":27}},"30":{"start":{"line":78,"column":17},"end":{"line":78,"column":25}},"31":{"start":{"line":80,"column":2},"end":{"line":89,"column":7}},"32":{"start":{"line":82,"column":6},"end":{"line":82,"column":57}},"33":{"start":{"line":86,"column":6},"end":{"line":88,"column":74}},"34":{"start":{"line":92,"column":0},"end":{"line":104,"column":3}},"35":{"start":{"line":93,"column":17},"end":{"line":93,"column":27}},"36":{"start":{"line":95,"column":2},"end":{"line":103,"column":7}},"37":{"start":{"line":97,"column":6},"end":{"line":97,"column":67}},"38":{"start":{"line":100,"column":6},"end":{"line":102,"column":74}},"39":{"start":{"line":106,"column":0},"end":{"line":106,"column":24}}},"fnMap":{"0":{"name":"(anonymous_0)","decl":{"start":{"line":11,"column":16},"end":{"line":11,"column":17}},"loc":{"start":{"line":11,"column":30},"end":{"line":22,"column":1}},"line":11},"1":{"name":"(anonymous_1)","decl":{"start":{"line":13,"column":10},"end":{"line":13,"column":11}},"loc":{"start":{"line":13,"column":20},"end":{"line":15,"column":5}},"line":13},"2":{"name":"(anonymous_2)","decl":{"start":{"line":16,"column":11},"end":{"line":16,"column":12}},"loc":{"start":{"line":16,"column":18},"end":{"line":21,"column":5}},"line":16},"3":{"name":"(anonymous_3)","decl":{"start":{"line":24,"column":19},"end":{"line":24,"column":20}},"loc":{"start":{"line":24,"column":33},"end":{"line":37,"column":1}},"line":24},"4":{"name":"(anonymous_4)","decl":{"start":{"line":28,"column":10},"end":{"line":28,"column":11}},"loc":{"start":{"line":28,"column":20},"end":{"line":30,"column":5}},"line":28},"5":{"name":"(anonymous_5)","decl":{"start":{"line":31,"column":11},"end":{"line":31,"column":12}},"loc":{"start":{"line":31,"column":18},"end":{"line":36,"column":5}},"line":31},"6":{"name":"(anonymous_6)","decl":{"start":{"line":39,"column":24},"end":{"line":39,"column":25}},"loc":{"start":{"line":39,"column":38},"end":{"line":52,"column":1}},"line":39},"7":{"name":"(anonymous_7)","decl":{"start":{"line":43,"column":10},"end":{"line":43,"column":11}},"loc":{"start":{"line":43,"column":20},"end":{"line":45,"column":5}},"line":43},"8":{"name":"(anonymous_8)","decl":{"start":{"line":46,"column":11},"end":{"line":46,"column":12}},"loc":{"start":{"line":46,"column":18},"end":{"line":51,"column":5}},"line":46},"9":{"name":"(anonymous_9)","decl":{"start":{"line":54,"column":25},"end":{"line":54,"column":26}},"loc":{"start":{"line":54,"column":39},"end":{"line":74,"column":1}},"line":54},"10":{"name":"(anonymous_10)","decl":{"start":{"line":61,"column":12},"end":{"line":61,"column":13}},"loc":{"start":{"line":61,"column":21},"end":{"line":63,"column":7}},"line":61},"11":{"name":"(anonymous_11)","decl":{"start":{"line":64,"column":13},"end":{"line":64,"column":14}},"loc":{"start":{"line":64,"column":20},"end":{"line":72,"column":7}},"line":64},"12":{"name":"(anonymous_12)","decl":{"start":{"line":76,"column":19},"end":{"line":76,"column":20}},"loc":{"start":{"line":76,"column":33},"end":{"line":90,"column":1}},"line":76},"13":{"name":"(anonymous_13)","decl":{"start":{"line":81,"column":10},"end":{"line":81,"column":11}},"loc":{"start":{"line":81,"column":19},"end":{"line":83,"column":5}},"line":81},"14":{"name":"(anonymous_14)","decl":{"start":{"line":84,"column":11},"end":{"line":84,"column":12}},"loc":{"start":{"line":84,"column":18},"end":{"line":89,"column":5}},"line":84},"15":{"name":"(anonymous_15)","decl":{"start":{"line":92,"column":22},"end":{"line":92,"column":23}},"loc":{"start":{"line":92,"column":36},"end":{"line":104,"column":1}},"line":92},"16":{"name":"(anonymous_16)","decl":{"start":{"line":96,"column":10},"end":{"line":96,"column":11}},"loc":{"start":{"line":96,"column":22},"end":{"line":98,"column":5}},"line":96},"17":{"name":"(anonymous_17)","decl":{"start":{"line":99,"column":11},"end":{"line":99,"column":12}},"loc":{"start":{"line":99,"column":18},"end":{"line":103,"column":5}},"line":99}},"branchMap":{"0":{"loc":{"start":{"line":57,"column":2},"end":{"line":73,"column":3}},"type":"if","locations":[{"start":{"line":57,"column":2},"end":{"line":73,"column":3}},{"start":{"line":57,"column":2},"end":{"line":73,"column":3}}],"line":57},"1":{"loc":{"start":{"line":57,"column":6},"end":{"line":57,"column":77}},"type":"binary-expr","locations":[{"start":{"line":57,"column":6},"end":{"line":57,"column":41}},{"start":{"line":57,"column":45},"end":{"line":57,"column":77}}],"line":57}},"s":{"0":1,"1":1,"2":1,"3":1,"4":1,"5":1,"6":0,"7":0,"8":0,"9":1,"10":0,"11":0,"12":0,"13":0,"14":1,"15":0,"16":0,"17":0,"18":0,"19":1,"20":0,"21":0,"22":0,"23":0,"24":0,"25":0,"26":0,"27":0,"28":1,"29":0,"30":0,"31":0,"32":0,"33":0,"34":1,"35":0,"36":0,"37":0,"38":0,"39":1},"f":{"0":0,"1":0,"2":0,"3":0,"4":0,"5":0,"6":0,"7":0,"8":0,"9":0,"10":0,"11":0,"12":0,"13":0,"14":0,"15":0,"16":0,"17":0},"b":{"0":[0,0],"1":[0,0]},"_coverageSchema":"1a1c01bbd47fc00a2c39e90264f33305004495a9","hash":"a463fbb17e72f98745b4b007491482577f0ecac0"}
,"C:\\Users\\Jrive\\Desktop\\Lambda projects\\Labs\\social-media-strategy-be\\api\\routes\\users\\user-model.js": {"path":"C:\\Users\\Jrive\\Desktop\\Lambda projects\\Labs\\social-media-strategy-be\\api\\routes\\users\\user-model.js","statementMap":{"0":{"start":{"line":1,"column":11},"end":{"line":1,"column":45}},"1":{"start":{"line":3,"column":0},"end":{"line":3,"column":39}},"2":{"start":{"line":6,"column":13},"end":{"line":6,"column":24}},"3":{"start":{"line":8,"column":2},"end":{"line":12,"column":3}},"4":{"start":{"line":9,"column":4},"end":{"line":9,"column":42}},"5":{"start":{"line":11,"column":4},"end":{"line":11,"column":16}},"6":{"start":{"line":16,"column":2},"end":{"line":16,"column":33}},"7":{"start":{"line":18,"column":2},"end":{"line":18,"column":23}},"8":{"start":{"line":22,"column":2},"end":{"line":22,"column":35}}},"fnMap":{"0":{"name":"find","decl":{"start":{"line":5,"column":9},"end":{"line":5,"column":13}},"loc":{"start":{"line":5,"column":18},"end":{"line":13,"column":1}},"line":5},"1":{"name":"add","decl":{"start":{"line":15,"column":15},"end":{"line":15,"column":18}},"loc":{"start":{"line":15,"column":25},"end":{"line":19,"column":1}},"line":15},"2":{"name":"findBy","decl":{"start":{"line":21,"column":9},"end":{"line":21,"column":15}},"loc":{"start":{"line":21,"column":24},"end":{"line":23,"column":1}},"line":21}},"branchMap":{"0":{"loc":{"start":{"line":8,"column":2},"end":{"line":12,"column":3}},"type":"if","locations":[{"start":{"line":8,"column":2},"end":{"line":12,"column":3}},{"start":{"line":8,"column":2},"end":{"line":12,"column":3}}],"line":8}},"s":{"0":1,"1":1,"2":3,"3":3,"4":0,"5":3,"6":0,"7":0,"8":1},"f":{"0":3,"1":0,"2":1},"b":{"0":[0,3]},"_coverageSchema":"1a1c01bbd47fc00a2c39e90264f33305004495a9","hash":"d15e89c394cb86e93ee271ef21d367d1ce4cea10"}
,"C:\\Users\\Jrive\\Desktop\\Lambda projects\\Labs\\social-media-strategy-be\\api\\routes\\users\\user-route.js": {"path":"C:\\Users\\Jrive\\Desktop\\Lambda projects\\Labs\\social-media-strategy-be\\api\\routes\\users\\user-route.js","statementMap":{"0":{"start":{"line":1,"column":16},"end":{"line":1,"column":34}},"1":{"start":{"line":2,"column":15},"end":{"line":2,"column":31}},"2":{"start":{"line":3,"column":13},"end":{"line":3,"column":43}},"3":{"start":{"line":5,"column":0},"end":{"line":9,"column":3}},"4":{"start":{"line":6,"column":2},"end":{"line":8,"column":53}},"5":{"start":{"line":7,"column":19},"end":{"line":7,"column":46}},"6":{"start":{"line":8,"column":18},"end":{"line":8,"column":51}},"7":{"start":{"line":10,"column":0},"end":{"line":12,"column":3}},"8":{"start":{"line":11,"column":2},"end":{"line":11,"column":41}},"9":{"start":{"line":14,"column":0},"end":{"line":14,"column":24}}},"fnMap":{"0":{"name":"(anonymous_0)","decl":{"start":{"line":5,"column":16},"end":{"line":5,"column":17}},"loc":{"start":{"line":5,"column":30},"end":{"line":9,"column":1}},"line":5},"1":{"name":"(anonymous_1)","decl":{"start":{"line":7,"column":10},"end":{"line":7,"column":11}},"loc":{"start":{"line":7,"column":19},"end":{"line":7,"column":46}},"line":7},"2":{"name":"(anonymous_2)","decl":{"start":{"line":8,"column":11},"end":{"line":8,"column":12}},"loc":{"start":{"line":8,"column":18},"end":{"line":8,"column":51}},"line":8},"3":{"name":"(anonymous_3)","decl":{"start":{"line":10,"column":20},"end":{"line":10,"column":21}},"loc":{"start":{"line":10,"column":34},"end":{"line":12,"column":1}},"line":10}},"branchMap":{},"s":{"0":1,"1":1,"2":1,"3":1,"4":3,"5":3,"6":0,"7":1,"8":0,"9":1},"f":{"0":3,"1":3,"2":0,"3":0},"b":{},"_coverageSchema":"1a1c01bbd47fc00a2c39e90264f33305004495a9","hash":"861f773a384c76a2052be4a7018c1576991fc8ca"}
,"C:\\Users\\Jrive\\Desktop\\Lambda projects\\Labs\\social-media-strategy-be\\data\\db.config.js": {"path":"C:\\Users\\Jrive\\Desktop\\Lambda projects\\Labs\\social-media-strategy-be\\data\\db.config.js","statementMap":{"0":{"start":{"line":1,"column":0},"end":{"line":1,"column":27}},"1":{"start":{"line":2,"column":13},"end":{"line":2,"column":28}},"2":{"start":{"line":4,"column":17},"end":{"line":4,"column":42}},"3":{"start":{"line":6,"column":20},"end":{"line":6,"column":57}},"4":{"start":{"line":8,"column":0},"end":{"line":8,"column":72}}},"fnMap":{},"branchMap":{"0":{"loc":{"start":{"line":6,"column":20},"end":{"line":6,"column":57}},"type":"binary-expr","locations":[{"start":{"line":6,"column":20},"end":{"line":6,"column":40}},{"start":{"line":6,"column":44},"end":{"line":6,"column":57}}],"line":6},"1":{"loc":{"start":{"line":8,"column":22},"end":{"line":8,"column":70}},"type":"binary-expr","locations":[{"start":{"line":8,"column":22},"end":{"line":8,"column":43}},{"start":{"line":8,"column":47},"end":{"line":8,"column":70}}],"line":8}},"s":{"0":1,"1":1,"2":1,"3":1,"4":1},"f":{},"b":{"0":[1,0],"1":[1,1]},"_coverageSchema":"1a1c01bbd47fc00a2c39e90264f33305004495a9","hash":"4da6e20fa86b65a8ce4b4220ceab05870415fb88"}
}
