TN:
SF:index.js
FN:16,(anonymous_0)
FN:22,(anonymous_1)
FNF:2
FNH:0
FNDA:0,(anonymous_0)
FNDA:0,(anonymous_1)
DA:1,0
DA:2,0
DA:3,0
DA:4,0
DA:6,0
DA:7,0
DA:8,0
DA:17,0
DA:22,0
DA:23,0
LF:10
LH:0
BRDA:6,0,0,0
BRDA:6,0,1,0
BRDA:7,1,0,0
BRDA:7,1,1,0
BRDA:18,2,0,0
BRDA:18,2,1,0
BRF:6
BRH:0
end_of_record
TN:
SF:knexfile.js
FNF:0
FNH:0
DA:2,3
DA:4,3
LF:2
LH:2
BRF:0
BRH:0
end_of_record
TN:
SF:api/server.js
FN:20,(anonymous_0)
FN:29,errorHandler
FNF:2
FNH:1
FNDA:0,(anonymous_0)
FNDA:14,errorHandler
DA:1,3
DA:2,3
DA:3,3
DA:4,3
DA:5,3
DA:7,3
DA:9,3
DA:14,3
DA:16,3
DA:17,3
DA:18,3
DA:20,3
DA:21,0
DA:24,3
DA:25,3
DA:27,3
DA:30,14
LF:17
LH:16
BRDA:30,0,0,14
BRDA:30,0,1,14
BRDA:30,1,0,14
BRDA:30,1,1,14
BRF:4
BRH:4
end_of_record
TN:
SF:api/middleware/verifyJWT.js
FN:16,verifyJWT
FN:33,(anonymous_1)
FN:37,(anonymous_2)
FNF:3
FNH:1
FNDA:14,verifyJWT
FNDA:0,(anonymous_1)
FNDA:0,(anonymous_2)
DA:1,3
DA:3,3
DA:7,3
DA:17,14
DA:18,0
DA:19,0
DA:21,14
DA:22,14
DA:24,14
DA:25,14
DA:26,14
DA:29,0
DA:30,0
DA:31,0
DA:34,0
DA:35,0
DA:38,0
DA:42,3
LF:18
LH:10
BRDA:17,0,0,0
BRDA:17,0,1,14
BRDA:21,1,0,14
BRDA:21,1,1,14
BRDA:24,2,0,14
BRDA:24,2,1,0
BRF:6
BRH:4
end_of_record
TN:
SF:api/middleware/verifyTwitter.js
FN:4,verifyTwitter
FNF:1
FNH:0
FNDA:0,verifyTwitter
DA:1,3
DA:2,3
DA:5,0
DA:7,0
DA:8,0
DA:17,0
DA:24,0
DA:25,0
DA:26,0
DA:28,0
DA:29,0
DA:33,3
LF:12
LH:3
BRF:0
BRH:0
end_of_record
TN:
SF:api/models/listModel.js
FN:6,get
FN:10,add
FN:15,findBy
FN:19,remove
FN:23,update
FNF:5
FNH:0
FNDA:0,get
FNDA:0,add
FNDA:0,findBy
FNDA:0,remove
FNDA:0,update
DA:1,3
DA:2,3
DA:4,3
DA:7,0
DA:11,0
DA:12,0
DA:16,0
DA:20,0
DA:24,0
DA:25,0
LF:10
LH:3
BRF:0
BRH:0
end_of_record
TN:
SF:api/models/postsModel.js
FN:12,get
FN:16,findBy
FN:21,add
FN:26,remove
FN:30,update
FNF:5
FNH:0
FNDA:0,get
FNDA:0,findBy
FNDA:0,add
FNDA:0,remove
FNDA:0,update
DA:1,3
DA:2,3
DA:4,3
DA:13,0
DA:17,0
DA:18,0
DA:22,0
DA:23,0
DA:27,0
DA:31,0
DA:34,0
LF:11
LH:3
BRF:0
BRH:0
end_of_record
TN:
SF:api/routers/apiRouter.js
FN:8,(anonymous_0)
FNF:1
FNH:0
FNDA:0,(anonymous_0)
DA:1,3
DA:2,3
DA:3,3
DA:4,3
DA:5,3
DA:6,3
DA:8,3
DA:9,0
DA:12,3
DA:13,3
DA:14,3
DA:15,3
DA:17,3
LF:13
LH:12
BRF:0
BRH:0
end_of_record
TN:
SF:api/routers/listRouter.js
FN:8,(anonymous_0)
FN:10,(anonymous_1)
FN:13,(anonymous_2)
FN:21,(anonymous_3)
FN:25,(anonymous_4)
FN:29,(anonymous_5)
FN:36,(anonymous_6)
FN:38,(anonymous_7)
FN:41,(anonymous_8)
FN:49,(anonymous_9)
FN:63,(anonymous_10)
FN:66,(anonymous_11)
FN:74,(anonymous_12)
FN:95,(anonymous_13)
FN:98,(anonymous_14)
FN:107,(anonymous_15)
FN:116,(anonymous_16)
FN:119,(anonymous_17)
FN:127,(anonymous_18)
FN:136,(anonymous_19)
FN:139,(anonymous_20)
FN:147,(anonymous_21)
FN:155,(anonymous_22)
FN:158,(anonymous_23)
FNF:24
FNH:0
FNDA:0,(anonymous_0)
FNDA:0,(anonymous_1)
FNDA:0,(anonymous_2)
FNDA:0,(anonymous_3)
FNDA:0,(anonymous_4)
FNDA:0,(anonymous_5)
FNDA:0,(anonymous_6)
FNDA:0,(anonymous_7)
FNDA:0,(anonymous_8)
FNDA:0,(anonymous_9)
FNDA:0,(anonymous_10)
FNDA:0,(anonymous_11)
FNDA:0,(anonymous_12)
FNDA:0,(anonymous_13)
FNDA:0,(anonymous_14)
FNDA:0,(anonymous_15)
FNDA:0,(anonymous_16)
FNDA:0,(anonymous_17)
FNDA:0,(anonymous_18)
FNDA:0,(anonymous_19)
FNDA:0,(anonymous_20)
FNDA:0,(anonymous_21)
FNDA:0,(anonymous_22)
FNDA:0,(anonymous_23)
DA:1,3
DA:2,3
DA:3,3
DA:4,3
DA:8,3
DA:9,0
DA:11,0
DA:14,0
DA:15,0
DA:21,3
DA:22,0
DA:24,0
DA:26,0
DA:27,0
DA:30,0
DA:36,3
DA:37,0
DA:39,0
DA:42,0
DA:49,3
DA:50,0
DA:51,0
DA:52,0
DA:54,0
DA:56,0
DA:62,0
DA:64,0
DA:67,0
DA:74,3
DA:75,0
DA:76,0
DA:78,0
DA:79,0
DA:81,0
DA:82,0
DA:84,0
DA:85,0
DA:87,0
DA:94,0
DA:96,0
DA:99,0
DA:100,0
DA:107,3
DA:108,0
DA:109,0
DA:110,0
DA:112,0
DA:113,0
DA:115,0
DA:117,0
DA:120,0
DA:127,3
DA:128,0
DA:129,0
DA:130,0
DA:132,0
DA:133,0
DA:135,0
DA:137,0
DA:140,0
DA:147,3
DA:148,0
DA:149,0
DA:151,0
DA:152,0
DA:154,0
DA:156,0
DA:159,0
DA:163,3
LF:69
LH:13
BRDA:26,0,0,0
BRDA:26,0,1,0
BRDA:54,1,0,0
BRDA:54,1,1,0
BRDA:79,2,0,0
BRDA:79,2,1,0
BRDA:84,3,0,0
BRDA:84,3,1,0
BRDA:113,4,0,0
BRDA:113,4,1,0
BRDA:133,5,0,0
BRDA:133,5,1,0
BRDA:152,6,0,0
BRDA:152,6,1,0
BRF:14
BRH:0
end_of_record
TN:
SF:api/routers/postRouter.js
FN:8,(anonymous_0)
FN:10,(anonymous_1)
FN:13,(anonymous_2)
FN:20,(anonymous_3)
FN:23,(anonymous_4)
FN:26,(anonymous_5)
FN:33,(anonymous_6)
FN:62,(anonymous_7)
FN:67,(anonymous_8)
FN:71,(anonymous_9)
FN:79,(anonymous_10)
FN:84,(anonymous_11)
FN:88,(anonymous_12)
FN:96,(anonymous_13)
FN:100,(anonymous_14)
FN:104,(anonymous_15)
FNF:16
FNH:0
FNDA:0,(anonymous_0)
FNDA:0,(anonymous_1)
FNDA:0,(anonymous_2)
FNDA:0,(anonymous_3)
FNDA:0,(anonymous_4)
FNDA:0,(anonymous_5)
FNDA:0,(anonymous_6)
FNDA:0,(anonymous_7)
FNDA:0,(anonymous_8)
FNDA:0,(anonymous_9)
FNDA:0,(anonymous_10)
FNDA:0,(anonymous_11)
FNDA:0,(anonymous_12)
FNDA:0,(anonymous_13)
FNDA:0,(anonymous_14)
FNDA:0,(anonymous_15)
DA:1,3
DA:2,3
DA:3,3
DA:4,3
DA:8,3
DA:9,0
DA:11,0
DA:14,0
DA:20,3
DA:21,0
DA:22,0
DA:24,0
DA:27,0
DA:33,3
DA:34,0
DA:35,0
DA:36,0
DA:37,0
DA:38,0
DA:39,0
DA:42,0
DA:43,0
DA:48,0
DA:53,0
DA:55,0
DA:56,0
DA:62,3
DA:63,0
DA:64,0
DA:66,0
DA:68,0
DA:69,0
DA:72,0
DA:73,0
DA:79,3
DA:80,0
DA:81,0
DA:83,0
DA:85,0
DA:86,0
DA:89,0
DA:90,0
DA:96,3
DA:97,0
DA:99,0
DA:101,0
DA:102,0
DA:105,0
DA:109,3
LF:49
LH:11
BRDA:38,0,0,0
BRDA:38,0,1,0
BRDA:42,1,0,0
BRDA:42,1,1,0
BRDA:68,2,0,0
BRDA:68,2,1,0
BRDA:85,3,0,0
BRDA:85,3,1,0
BRDA:101,4,0,0
BRDA:101,4,1,0
BRF:10
BRH:0
end_of_record
TN:
SF:api/routers/auth/authRouter.js
FN:13,(anonymous_0)
FN:26,(anonymous_1)
FN:34,(anonymous_2)
FN:35,(anonymous_3)
FN:61,(anonymous_4)
FN:66,(anonymous_5)
FN:72,(anonymous_6)
FN:93,(anonymous_7)
FN:98,(anonymous_8)
FNF:9
FNH:0
FNDA:0,(anonymous_0)
FNDA:0,(anonymous_1)
FNDA:0,(anonymous_2)
FNDA:0,(anonymous_3)
FNDA:0,(anonymous_4)
FNDA:0,(anonymous_5)
FNDA:0,(anonymous_6)
FNDA:0,(anonymous_7)
FNDA:0,(anonymous_8)
DA:1,3
DA:2,3
DA:3,3
DA:4,3
DA:5,3
DA:6,3
DA:8,3
DA:13,3
DA:14,0
DA:16,0
DA:17,0
DA:18,0
DA:20,0
DA:22,0
DA:26,3
DA:27,0
DA:28,0
DA:30,0
DA:34,0
DA:35,0
DA:37,0
DA:38,0
DA:44,0
DA:62,0
DA:67,0
DA:68,0
DA:72,3
DA:73,0
DA:76,0
DA:94,0
DA:99,0
DA:100,0
DA:107,3
LF:33
LH:11
BRDA:37,0,0,0
BRDA:37,0,1,0
BRF:2
BRH:0
end_of_record
TN:
SF:data/dbConfig.js
FNF:0
FNH:0
DA:1,3
DA:2,3
DA:4,3
DA:6,3
DA:8,3
LF:5
LH:5
BRDA:6,0,0,3
BRDA:6,0,1,0
BRDA:8,1,0,3
BRDA:8,1,1,3
BRF:4
BRH:3
end_of_record
TN:
SF:data/migrations/20200518094704_create-tables.js
FN:1,(anonymous_0)
FN:4,(anonymous_1)
FN:16,(anonymous_2)
FN:39,(anonymous_3)
FNF:4
FNH:0
FNDA:0,(anonymous_0)
FNDA:0,(anonymous_1)
FNDA:0,(anonymous_2)
FNDA:0,(anonymous_3)
DA:1,0
DA:2,0
DA:5,0
DA:11,0
DA:12,0
DA:13,0
DA:14,0
DA:17,0
DA:23,0
DA:24,0
DA:30,0
DA:31,0
DA:32,0
DA:33,0
DA:34,0
DA:35,0
DA:39,0
DA:40,0
LF:18
LH:0
BRF:0
BRH:0
end_of_record
TN:
SF:data/seeds/000_cleanup.js
FN:3,(anonymous_0)
FNF:1
FNH:1
FNDA:2,(anonymous_0)
DA:1,2
DA:3,2
DA:4,2
LF:3
LH:3
BRF:0
BRH:0
end_of_record
TN:
SF:data/seeds/001_lists.js
FN:1,(anonymous_0)
FN:5,(anonymous_1)
FNF:2
FNH:2
FNDA:2,(anonymous_0)
FNDA:2,(anonymous_1)
DA:1,2
DA:3,2
DA:7,2
LF:3
LH:3
BRF:0
BRH:0
end_of_record
TN:
SF:data/seeds/002_posts.js
FN:1,(anonymous_0)
FN:5,(anonymous_1)
FNF:2
FNH:2
FNDA:2,(anonymous_0)
FNDA:2,(anonymous_1)
DA:1,2
DA:3,2
DA:7,2
LF:3
LH:3
BRF:0
BRH:0
end_of_record
