TN:
SF:knexfile.js
FNF:0
FNH:0
DA:2,5
DA:4,5
LF:2
LH:2
BRF:0
BRH:0
end_of_record
TN:
SF:api\api-routes.js
FN:9,(anonymous_0)
FNF:1
FNH:0
FNDA:0,(anonymous_0)
DA:1,3
DA:2,3
DA:3,3
DA:4,3
DA:5,3
DA:6,3
DA:7,3
DA:9,3
DA:10,0
DA:13,3
DA:14,3
DA:15,3
DA:16,3
DA:18,3
LF:14
LH:13
BRF:0
BRH:0
end_of_record
TN:
SF:api\helper.js
FN:3,joivalidation
FN:6,joivalidationError
FN:9,lengthcheck
FN:14,routerModels
FN:16,(anonymous_4)
FN:21,(anonymous_5)
FNF:6
FNH:2
FNDA:0,joivalidation
FNDA:0,joivalidationError
FNDA:0,lengthcheck
FNDA:3,routerModels
FNDA:3,(anonymous_4)
FNDA:0,(anonymous_5)
DA:1,3
DA:4,0
DA:7,0
DA:10,0
DA:11,0
DA:15,3
DA:17,3
DA:22,0
LF:8
LH:3
BRDA:4,0,0,0
BRDA:4,0,1,0
BRDA:17,1,0,3
BRDA:17,1,1,0
BRF:4
BRH:1
end_of_record
TN:
SF:api\query.js
FN:5,getTopics
FN:9,(anonymous_1)
FN:10,(anonymous_2)
FN:13,(anonymous_3)
FN:18,(anonymous_4)
FN:19,(anonymous_5)
FN:22,(anonymous_6)
FNF:7
FNH:0
FNDA:0,getTopics
FNDA:0,(anonymous_1)
FNDA:0,(anonymous_2)
FNDA:0,(anonymous_3)
FNDA:0,(anonymous_4)
FNDA:0,(anonymous_5)
FNDA:0,(anonymous_6)
DA:1,3
DA:3,3
DA:6,0
DA:8,0
DA:9,0
DA:10,0
DA:11,0
DA:13,0
DA:18,0
DA:19,0
DA:20,0
DA:22,0
LF:12
LH:2
BRDA:8,0,0,0
BRDA:8,0,1,0
BRDA:13,1,0,0
BRDA:13,1,1,0
BRDA:22,2,0,0
BRDA:22,2,1,0
BRF:6
BRH:0
end_of_record
TN:
SF:api\server.js
FN:15,(anonymous_0)
FNF:1
FNH:0
FNDA:0,(anonymous_0)
DA:1,3
DA:2,3
DA:3,3
DA:4,3
DA:5,3
DA:7,3
DA:9,3
DA:11,3
DA:12,3
DA:13,3
DA:15,3
DA:16,0
DA:19,3
DA:21,3
LF:14
LH:13
BRF:0
BRH:0
end_of_record
TN:
SF:api\config\secrets.js
FNF:0
FNH:0
DA:1,3
LF:1
LH:1
BRDA:2,0,0,3
BRDA:2,0,1,3
BRF:2
BRH:2
end_of_record
TN:
SF:api\routes\auth\auth-route.js
FN:38,(anonymous_0)
FN:51,(anonymous_1)
FN:106,(anonymous_2)
FN:153,(anonymous_3)
FN:158,(anonymous_4)
FN:178,(anonymous_5)
FN:182,(anonymous_6)
FN:227,generateToken
FN:252,generateDSToken
FN:300,(anonymous_9)
FN:305,(anonymous_10)
FNF:11
FNH:3
FNDA:0,(anonymous_0)
FNDA:0,(anonymous_1)
FNDA:0,(anonymous_2)
FNDA:3,(anonymous_3)
FNDA:3,(anonymous_4)
FNDA:0,(anonymous_5)
FNDA:0,(anonymous_6)
FNDA:3,generateToken
FNDA:0,generateDSToken
FNDA:0,(anonymous_9)
FNDA:0,(anonymous_10)
DA:1,3
DA:2,3
DA:3,3
DA:4,3
DA:5,3
DA:6,3
DA:7,3
DA:8,3
DA:9,3
DA:10,3
DA:11,3
DA:12,3
DA:13,3
DA:14,3
DA:15,3
DA:16,3
DA:17,3
DA:19,3
DA:24,3
DA:31,3
DA:38,3
DA:39,0
DA:40,0
DA:43,0
DA:45,0
DA:47,0
DA:51,3
DA:52,0
DA:54,0
DA:55,0
DA:59,0
DA:62,0
DA:81,0
DA:87,0
DA:90,0
DA:92,0
DA:97,0
DA:106,3
DA:107,0
DA:109,0
DA:110,0
DA:111,0
DA:112,0
DA:113,0
DA:115,0
DA:133,0
DA:134,0
DA:136,0
DA:137,0
DA:139,0
DA:141,0
DA:149,0
DA:153,3
DA:154,3
DA:156,3
DA:159,3
DA:160,3
DA:161,3
DA:162,3
DA:167,0
DA:175,0
DA:178,0
DA:182,3
DA:183,0
DA:185,0
DA:187,0
DA:188,0
DA:189,0
DA:191,0
DA:193,0
DA:195,0
DA:196,0
DA:198,0
DA:199,0
DA:204,0
DA:208,0
DA:209,0
DA:210,0
DA:211,0
DA:216,0
DA:221,0
DA:228,3
DA:235,3
DA:236,0
DA:237,0
DA:240,0
DA:242,3
DA:245,3
DA:253,0
DA:259,0
DA:263,0
DA:300,3
DA:302,0
DA:303,0
DA:305,0
DA:306,0
DA:312,0
DA:315,3
LF:98
LH:37
BRDA:110,0,0,0
BRDA:110,0,1,0
BRDA:159,1,0,3
BRDA:159,1,1,0
BRDA:159,2,0,3
BRDA:159,2,1,3
BRDA:187,3,0,0
BRDA:187,3,1,0
BRDA:187,4,0,0
BRDA:187,4,1,0
BRDA:208,5,0,0
BRDA:208,5,1,0
BRDA:235,6,0,0
BRDA:235,6,1,3
BRF:14
BRH:4
end_of_record
TN:
SF:api\routes\auth\middleware.js
FN:8,validateuserid
FN:11,(anonymous_1)
FN:16,(anonymous_2)
FN:19,twitterInfo
FN:46,oktaInfo
FNF:5
FNH:0
FNDA:0,validateuserid
FNDA:0,(anonymous_1)
FNDA:0,(anonymous_2)
FNDA:0,twitterInfo
FNDA:0,oktaInfo
DA:1,3
DA:2,3
DA:3,3
DA:4,3
DA:6,3
DA:9,0
DA:10,0
DA:12,0
DA:16,0
DA:20,0
DA:22,0
DA:23,0
DA:32,0
DA:38,0
DA:39,0
DA:40,0
DA:42,0
DA:43,0
DA:47,0
DA:48,0
DA:50,0
DA:51,0
DA:60,0
DA:61,0
DA:63,0
DA:64,0
LF:26
LH:5
BRDA:12,0,0,0
BRDA:12,0,1,0
BRF:2
BRH:0
end_of_record
TN:
SF:api\routes\auth\restricted-middleware.js
FN:4,(anonymous_0)
FN:8,(anonymous_1)
FNF:2
FNH:2
FNDA:12,(anonymous_0)
FNDA:9,(anonymous_1)
DA:1,3
DA:2,3
DA:4,3
DA:5,12
DA:7,12
DA:8,9
DA:9,9
DA:10,0
DA:12,9
DA:14,9
DA:18,3
LF:11
LH:10
BRDA:7,0,0,9
BRDA:7,0,1,3
BRDA:9,1,0,0
BRDA:9,1,1,9
BRF:4
BRH:3
end_of_record
TN:
SF:api\routes\posts\posts-model.js
FN:5,find
FN:14,add
FN:20,remove
FN:24,(anonymous_3)
FN:27,update
FN:31,(anonymous_5)
FNF:6
FNH:4
FNDA:6,find
FNDA:2,add
FNDA:1,remove
FNDA:1,(anonymous_3)
FNDA:0,update
FNDA:0,(anonymous_5)
DA:1,4
DA:3,4
DA:6,6
DA:7,6
DA:8,2
DA:10,4
DA:15,2
DA:17,2
DA:21,1
DA:24,1
DA:28,0
DA:31,0
LF:12
LH:10
BRDA:7,0,0,2
BRDA:7,0,1,4
BRDA:31,1,0,0
BRDA:31,1,1,0
BRF:4
BRH:2
end_of_record
TN:
SF:api\routes\posts\posts-router.js
FN:39,(anonymous_0)
FN:54,(anonymous_1)
FN:74,(anonymous_2)
FN:95,(anonymous_3)
FN:130,(anonymous_4)
FN:149,(anonymous_5)
FN:166,(anonymous_6)
FN:187,(anonymous_7)
FNF:8
FNH:1
FNDA:3,(anonymous_0)
FNDA:0,(anonymous_1)
FNDA:0,(anonymous_2)
FNDA:0,(anonymous_3)
FNDA:0,(anonymous_4)
FNDA:0,(anonymous_5)
FNDA:0,(anonymous_6)
FNDA:0,(anonymous_7)
DA:1,3
DA:2,3
DA:3,3
DA:4,3
DA:5,3
DA:11,3
DA:12,3
DA:14,3
DA:39,3
DA:40,3
DA:54,3
DA:55,0
DA:57,0
DA:58,0
DA:60,0
DA:74,3
DA:75,0
DA:76,0
DA:77,0
DA:79,0
DA:95,3
DA:96,0
DA:98,0
DA:105,0
DA:106,0
DA:108,0
DA:109,0
DA:115,0
DA:117,0
DA:118,0
DA:130,3
DA:131,0
DA:132,0
DA:133,0
DA:139,0
DA:140,0
DA:142,0
DA:143,0
DA:146,0
DA:153,0
DA:157,0
DA:166,3
DA:167,0
DA:168,0
DA:169,0
DA:170,0
DA:172,0
DA:187,3
DA:188,0
DA:189,0
DA:190,0
DA:192,0
DA:206,3
LF:53
LH:17
BRDA:57,0,0,0
BRDA:57,0,1,0
BRDA:76,1,0,0
BRDA:76,1,1,0
BRDA:100,2,0,0
BRDA:100,2,1,0
BRDA:105,3,0,0
BRDA:105,3,1,0
BRDA:139,4,0,0
BRDA:139,4,1,0
BRDA:142,5,0,0
BRDA:142,5,1,0
BRDA:169,6,0,0
BRDA:169,6,1,0
BRDA:189,7,0,0
BRDA:189,7,1,0
BRF:16
BRH:0
end_of_record
TN:
SF:api\routes\topics\topics-model.js
FN:6,find
FN:15,add
FN:22,remove
FN:26,(anonymous_3)
FN:29,update
FN:33,(anonymous_5)
FN:37,(anonymous_6)
FN:42,getTopicCards
FN:45,(anonymous_8)
FN:46,(anonymous_9)
FN:49,(anonymous_10)
FNF:11
FNH:4
FNDA:4,find
FNDA:2,add
FNDA:1,remove
FNDA:1,(anonymous_3)
FNDA:0,update
FNDA:0,(anonymous_5)
FNDA:0,(anonymous_6)
FNDA:0,getTopicCards
FNDA:0,(anonymous_8)
FNDA:0,(anonymous_9)
FNDA:0,(anonymous_10)
DA:1,4
DA:2,4
DA:4,4
DA:7,4
DA:8,4
DA:9,0
DA:11,4
DA:16,2
DA:19,2
DA:23,1
DA:26,1
DA:30,0
DA:34,0
DA:37,0
DA:43,0
DA:46,0
DA:47,0
DA:49,0
LF:18
LH:10
BRDA:8,0,0,0
BRDA:8,0,1,4
BRDA:34,1,0,0
BRDA:34,1,1,0
BRDA:49,2,0,0
BRDA:49,2,1,0
BRF:6
BRH:1
end_of_record
TN:
SF:api\routes\topics\topics-router.js
FN:14,(anonymous_0)
FN:16,(anonymous_1)
FN:19,(anonymous_2)
FN:27,(anonymous_3)
FN:32,(anonymous_4)
FN:38,(anonymous_5)
FN:46,(anonymous_6)
FN:53,(anonymous_7)
FN:58,(anonymous_8)
FN:68,(anonymous_9)
FN:77,(anonymous_10)
FN:80,(anonymous_11)
FN:92,(anonymous_12)
FN:97,(anonymous_13)
FN:100,(anonymous_14)
FN:112,(anonymous_15)
FN:116,(anonymous_16)
FN:119,(anonymous_17)
FNF:18
FNH:2
FNDA:3,(anonymous_0)
FNDA:3,(anonymous_1)
FNDA:0,(anonymous_2)
FNDA:0,(anonymous_3)
FNDA:0,(anonymous_4)
FNDA:0,(anonymous_5)
FNDA:0,(anonymous_6)
FNDA:0,(anonymous_7)
FNDA:0,(anonymous_8)
FNDA:0,(anonymous_9)
FNDA:0,(anonymous_10)
FNDA:0,(anonymous_11)
FNDA:0,(anonymous_12)
FNDA:0,(anonymous_13)
FNDA:0,(anonymous_14)
FNDA:0,(anonymous_15)
FNDA:0,(anonymous_16)
FNDA:0,(anonymous_17)
DA:1,3
DA:2,3
DA:3,3
DA:4,3
DA:5,3
DA:7,3
DA:14,3
DA:15,3
DA:17,3
DA:20,0
DA:27,3
DA:28,0
DA:30,0
DA:33,0
DA:34,0
DA:39,0
DA:46,3
DA:47,0
DA:48,0
DA:49,0
DA:52,0
DA:54,0
DA:59,0
DA:68,3
DA:69,0
DA:70,0
DA:71,0
DA:76,0
DA:78,0
DA:81,0
DA:82,0
DA:92,3
DA:93,0
DA:94,0
DA:96,0
DA:98,0
DA:101,0
DA:102,0
DA:112,3
DA:113,0
DA:115,0
DA:117,0
DA:120,0
DA:126,3
LF:44
LH:15
BRDA:34,0,0,0
BRDA:34,0,1,0
BRDA:54,1,0,0
BRDA:54,1,1,0
BRF:4
BRH:0
end_of_record
TN:
SF:api\routes\users\user-model.js
FN:5,find
FN:15,add
FN:21,findBy
FN:25,remove
FN:29,(anonymous_4)
FNF:5
FNH:2
FNDA:3,find
FNDA:0,add
FNDA:3,findBy
FNDA:0,remove
FNDA:0,(anonymous_4)
DA:1,3
DA:3,3
DA:6,3
DA:8,3
DA:9,0
DA:11,3
DA:16,0
DA:18,0
DA:22,3
DA:26,0
DA:29,0
LF:11
LH:6
BRDA:8,0,0,0
BRDA:8,0,1,3
BRF:2
BRH:1
end_of_record
TN:
SF:api\routes\users\user-route.js
FN:7,(anonymous_0)
FN:9,(anonymous_1)
FN:10,(anonymous_2)
FN:12,(anonymous_3)
FN:16,(anonymous_4)
FN:53,(anonymous_5)
FN:69,checkRole
FN:70,(anonymous_7)
FNF:8
FNH:3
FNDA:3,(anonymous_0)
FNDA:3,(anonymous_1)
FNDA:0,(anonymous_2)
FNDA:0,(anonymous_3)
FNDA:0,(anonymous_4)
FNDA:0,(anonymous_5)
FNDA:3,checkRole
FNDA:0,(anonymous_7)
DA:1,3
DA:2,3
DA:3,3
DA:4,3
DA:5,3
DA:7,3
DA:8,3
DA:9,3
DA:10,0
DA:12,3
DA:13,0
DA:16,3
DA:17,0
DA:18,0
DA:19,0
DA:20,0
DA:22,0
DA:23,0
DA:32,0
DA:33,0
DA:41,0
DA:42,0
DA:44,0
DA:53,3
DA:54,0
DA:56,0
DA:57,0
DA:58,0
DA:60,0
DA:70,3
DA:71,0
DA:72,0
DA:77,0
DA:79,0
DA:86,3
LF:35
LH:13
BRDA:72,0,0,0
BRDA:72,0,1,0
BRDA:73,1,0,0
BRDA:73,1,1,0
BRDA:73,1,2,0
BRF:5
BRH:0
end_of_record
TN:
SF:data\db.config.js
FNF:0
FNH:0
DA:1,5
DA:2,5
DA:4,5
DA:6,5
DA:8,5
LF:5
LH:5
BRDA:6,0,0,5
BRDA:6,0,1,0
BRDA:8,1,0,5
BRDA:8,1,1,5
BRF:4
BRH:3
end_of_record
